{"/Users/floriace/FLO_DRAMA/FloDrama/cloudflare/workers/unified-api/flodrama-content-api.js": {"path":"/Users/floriace/FLO_DRAMA/FloDrama/cloudflare/workers/unified-api/flodrama-content-api.js","statementMap":{"0":{"start":{"line":7,"column":24},"end":{"line":7,"column":70}},"1":{"start":{"line":8,"column":24},"end":{"line":8,"column":70}},"2":{"start":{"line":9,"column":28},"end":{"line":9,"column":82}},"3":{"start":{"line":10,"column":23},"end":{"line":10,"column":67}},"4":{"start":{"line":11,"column":30},"end":{"line":11,"column":79}},"5":{"start":{"line":14,"column":24},"end":{"line":14,"column":45}},"6":{"start":{"line":15,"column":24},"end":{"line":15,"column":45}},"7":{"start":{"line":16,"column":28},"end":{"line":16,"column":53}},"8":{"start":{"line":17,"column":23},"end":{"line":17,"column":43}},"9":{"start":{"line":18,"column":30},"end":{"line":18,"column":57}},"10":{"start":{"line":30,"column":17},"end":{"line":30,"column":53}},"11":{"start":{"line":33,"column":25},"end":{"line":41,"column":3}},"12":{"start":{"line":44,"column":20},"end":{"line":44,"column":22}},"13":{"start":{"line":46,"column":2},"end":{"line":63,"column":3}},"14":{"start":{"line":48,"column":4},"end":{"line":54,"column":6}},"15":{"start":{"line":57,"column":4},"end":{"line":62,"column":6}},"16":{"start":{"line":66,"column":2},"end":{"line":81,"column":3}},"17":{"start":{"line":68,"column":27},"end":{"line":68,"column":105}},"18":{"start":{"line":71,"column":4},"end":{"line":75,"column":5}},"19":{"start":{"line":73,"column":6},"end":{"line":73,"column":108}},"20":{"start":{"line":74,"column":6},"end":{"line":74,"column":63}},"21":{"start":{"line":77,"column":4},"end":{"line":80,"column":7}},"22":{"start":{"line":84,"column":14},"end":{"line":84,"column":34}},"23":{"start":{"line":85,"column":15},"end":{"line":85,"column":27}},"24":{"start":{"line":86,"column":17},"end":{"line":86,"column":19}},"25":{"start":{"line":89,"column":2},"end":{"line":91,"column":3}},"26":{"start":{"line":90,"column":4},"end":{"line":90,"column":24}},"27":{"start":{"line":94,"column":23},"end":{"line":102,"column":3}},"28":{"start":{"line":95,"column":4},"end":{"line":101,"column":7}},"29":{"start":{"line":105,"column":24},"end":{"line":107,"column":3}},"30":{"start":{"line":106,"column":4},"end":{"line":106,"column":52}},"31":{"start":{"line":109,"column":2},"end":{"line":501,"column":3}},"32":{"start":{"line":111,"column":4},"end":{"line":497,"column":5}},"33":{"start":{"line":112,"column":23},"end":{"line":112,"column":54}},"34":{"start":{"line":115,"column":6},"end":{"line":185,"column":7}},"35":{"start":{"line":116,"column":24},"end":{"line":116,"column":65}},"36":{"start":{"line":117,"column":8},"end":{"line":117,"column":37}},"37":{"start":{"line":121,"column":11},"end":{"line":185,"column":7}},"38":{"start":{"line":122,"column":22},"end":{"line":122,"column":50}},"39":{"start":{"line":123,"column":24},"end":{"line":123,"column":69}},"40":{"start":{"line":124,"column":8},"end":{"line":124,"column":47}},"41":{"start":{"line":128,"column":11},"end":{"line":185,"column":7}},"42":{"start":{"line":129,"column":22},"end":{"line":129,"column":50}},"43":{"start":{"line":130,"column":24},"end":{"line":130,"column":67}},"44":{"start":{"line":131,"column":8},"end":{"line":131,"column":47}},"45":{"start":{"line":135,"column":11},"end":{"line":185,"column":7}},"46":{"start":{"line":136,"column":8},"end":{"line":141,"column":9}},"47":{"start":{"line":137,"column":26},"end":{"line":137,"column":68}},"48":{"start":{"line":138,"column":10},"end":{"line":138,"column":79}},"49":{"start":{"line":140,"column":10},"end":{"line":140,"column":44}},"50":{"start":{"line":145,"column":11},"end":{"line":185,"column":7}},"51":{"start":{"line":146,"column":23},"end":{"line":146,"column":61}},"52":{"start":{"line":147,"column":8},"end":{"line":147,"column":46}},"53":{"start":{"line":151,"column":11},"end":{"line":185,"column":7}},"54":{"start":{"line":152,"column":19},"end":{"line":152,"column":30}},"55":{"start":{"line":153,"column":21},"end":{"line":153,"column":43}},"56":{"start":{"line":154,"column":23},"end":{"line":154,"column":67}},"57":{"start":{"line":155,"column":8},"end":{"line":155,"column":36}},"58":{"start":{"line":159,"column":11},"end":{"line":185,"column":7}},"59":{"start":{"line":160,"column":19},"end":{"line":160,"column":30}},"60":{"start":{"line":161,"column":24},"end":{"line":161,"column":66}},"61":{"start":{"line":162,"column":8},"end":{"line":162,"column":37}},"62":{"start":{"line":166,"column":11},"end":{"line":185,"column":7}},"63":{"start":{"line":167,"column":19},"end":{"line":167,"column":30}},"64":{"start":{"line":168,"column":24},"end":{"line":168,"column":68}},"65":{"start":{"line":169,"column":8},"end":{"line":169,"column":37}},"66":{"start":{"line":173,"column":11},"end":{"line":185,"column":7}},"67":{"start":{"line":174,"column":19},"end":{"line":174,"column":30}},"68":{"start":{"line":175,"column":24},"end":{"line":175,"column":73}},"69":{"start":{"line":176,"column":8},"end":{"line":176,"column":37}},"70":{"start":{"line":180,"column":11},"end":{"line":185,"column":7}},"71":{"start":{"line":181,"column":19},"end":{"line":181,"column":30}},"72":{"start":{"line":182,"column":24},"end":{"line":182,"column":45}},"73":{"start":{"line":183,"column":24},"end":{"line":183,"column":76}},"74":{"start":{"line":184,"column":8},"end":{"line":184,"column":37}},"75":{"start":{"line":189,"column":9},"end":{"line":497,"column":5}},"76":{"start":{"line":190,"column":23},"end":{"line":190,"column":54}},"77":{"start":{"line":193,"column":6},"end":{"line":273,"column":7}},"78":{"start":{"line":194,"column":24},"end":{"line":194,"column":66}},"79":{"start":{"line":195,"column":8},"end":{"line":195,"column":37}},"80":{"start":{"line":199,"column":11},"end":{"line":273,"column":7}},"81":{"start":{"line":200,"column":22},"end":{"line":200,"column":50}},"82":{"start":{"line":201,"column":24},"end":{"line":201,"column":70}},"83":{"start":{"line":202,"column":8},"end":{"line":202,"column":47}},"84":{"start":{"line":206,"column":11},"end":{"line":273,"column":7}},"85":{"start":{"line":207,"column":22},"end":{"line":207,"column":50}},"86":{"start":{"line":208,"column":24},"end":{"line":208,"column":68}},"87":{"start":{"line":209,"column":8},"end":{"line":209,"column":47}},"88":{"start":{"line":213,"column":11},"end":{"line":273,"column":7}},"89":{"start":{"line":214,"column":22},"end":{"line":214,"column":50}},"90":{"start":{"line":215,"column":24},"end":{"line":215,"column":69}},"91":{"start":{"line":216,"column":8},"end":{"line":216,"column":47}},"92":{"start":{"line":220,"column":11},"end":{"line":273,"column":7}},"93":{"start":{"line":221,"column":22},"end":{"line":221,"column":33}},"94":{"start":{"line":222,"column":21},"end":{"line":222,"column":47}},"95":{"start":{"line":223,"column":22},"end":{"line":223,"column":50}},"96":{"start":{"line":224,"column":24},"end":{"line":224,"column":82}},"97":{"start":{"line":225,"column":8},"end":{"line":225,"column":37}},"98":{"start":{"line":229,"column":11},"end":{"line":273,"column":7}},"99":{"start":{"line":230,"column":24},"end":{"line":230,"column":35}},"100":{"start":{"line":231,"column":21},"end":{"line":231,"column":47}},"101":{"start":{"line":232,"column":22},"end":{"line":232,"column":50}},"102":{"start":{"line":233,"column":24},"end":{"line":233,"column":86}},"103":{"start":{"line":234,"column":8},"end":{"line":234,"column":37}},"104":{"start":{"line":238,"column":11},"end":{"line":273,"column":7}},"105":{"start":{"line":239,"column":19},"end":{"line":239,"column":30}},"106":{"start":{"line":240,"column":23},"end":{"line":240,"column":61}},"107":{"start":{"line":241,"column":8},"end":{"line":241,"column":36}},"108":{"start":{"line":244,"column":11},"end":{"line":273,"column":7}},"109":{"start":{"line":245,"column":8},"end":{"line":250,"column":9}},"110":{"start":{"line":246,"column":26},"end":{"line":246,"column":68}},"111":{"start":{"line":247,"column":10},"end":{"line":247,"column":79}},"112":{"start":{"line":249,"column":10},"end":{"line":249,"column":44}},"113":{"start":{"line":254,"column":11},"end":{"line":273,"column":7}},"114":{"start":{"line":255,"column":19},"end":{"line":255,"column":30}},"115":{"start":{"line":256,"column":24},"end":{"line":256,"column":66}},"116":{"start":{"line":257,"column":8},"end":{"line":257,"column":37}},"117":{"start":{"line":261,"column":11},"end":{"line":273,"column":7}},"118":{"start":{"line":262,"column":19},"end":{"line":262,"column":30}},"119":{"start":{"line":263,"column":24},"end":{"line":263,"column":62}},"120":{"start":{"line":264,"column":8},"end":{"line":264,"column":37}},"121":{"start":{"line":268,"column":11},"end":{"line":273,"column":7}},"122":{"start":{"line":269,"column":19},"end":{"line":269,"column":30}},"123":{"start":{"line":270,"column":24},"end":{"line":270,"column":45}},"124":{"start":{"line":271,"column":24},"end":{"line":271,"column":76}},"125":{"start":{"line":272,"column":8},"end":{"line":272,"column":37}},"126":{"start":{"line":277,"column":9},"end":{"line":497,"column":5}},"127":{"start":{"line":278,"column":6},"end":{"line":283,"column":7}},"128":{"start":{"line":279,"column":24},"end":{"line":279,"column":64}},"129":{"start":{"line":280,"column":8},"end":{"line":280,"column":77}},"130":{"start":{"line":282,"column":8},"end":{"line":282,"column":42}},"131":{"start":{"line":286,"column":9},"end":{"line":497,"column":5}},"132":{"start":{"line":287,"column":6},"end":{"line":345,"column":7}},"133":{"start":{"line":288,"column":25},"end":{"line":288,"column":56}},"134":{"start":{"line":291,"column":8},"end":{"line":341,"column":9}},"135":{"start":{"line":292,"column":26},"end":{"line":292,"column":72}},"136":{"start":{"line":293,"column":10},"end":{"line":293,"column":39}},"137":{"start":{"line":297,"column":13},"end":{"line":341,"column":9}},"138":{"start":{"line":298,"column":24},"end":{"line":298,"column":52}},"139":{"start":{"line":299,"column":26},"end":{"line":299,"column":76}},"140":{"start":{"line":300,"column":10},"end":{"line":300,"column":49}},"141":{"start":{"line":304,"column":13},"end":{"line":341,"column":9}},"142":{"start":{"line":305,"column":24},"end":{"line":305,"column":52}},"143":{"start":{"line":306,"column":26},"end":{"line":306,"column":74}},"144":{"start":{"line":307,"column":10},"end":{"line":307,"column":49}},"145":{"start":{"line":311,"column":13},"end":{"line":341,"column":9}},"146":{"start":{"line":312,"column":24},"end":{"line":312,"column":52}},"147":{"start":{"line":313,"column":26},"end":{"line":313,"column":75}},"148":{"start":{"line":314,"column":10},"end":{"line":314,"column":49}},"149":{"start":{"line":318,"column":13},"end":{"line":341,"column":9}},"150":{"start":{"line":319,"column":24},"end":{"line":319,"column":35}},"151":{"start":{"line":320,"column":23},"end":{"line":320,"column":49}},"152":{"start":{"line":321,"column":24},"end":{"line":321,"column":52}},"153":{"start":{"line":322,"column":26},"end":{"line":322,"column":88}},"154":{"start":{"line":323,"column":10},"end":{"line":323,"column":39}},"155":{"start":{"line":327,"column":13},"end":{"line":341,"column":9}},"156":{"start":{"line":328,"column":24},"end":{"line":328,"column":35}},"157":{"start":{"line":329,"column":23},"end":{"line":329,"column":49}},"158":{"start":{"line":330,"column":24},"end":{"line":330,"column":52}},"159":{"start":{"line":331,"column":26},"end":{"line":331,"column":88}},"160":{"start":{"line":332,"column":10},"end":{"line":332,"column":39}},"161":{"start":{"line":336,"column":13},"end":{"line":341,"column":9}},"162":{"start":{"line":337,"column":27},"end":{"line":337,"column":38}},"163":{"start":{"line":338,"column":23},"end":{"line":338,"column":49}},"164":{"start":{"line":339,"column":24},"end":{"line":339,"column":52}},"165":{"start":{"line":340,"column":10},"end":{"line":340,"column":39}},"166":{"start":{"line":343,"column":8},"end":{"line":343,"column":60}},"167":{"start":{"line":344,"column":8},"end":{"line":344,"column":49}},"168":{"start":{"line":349,"column":9},"end":{"line":497,"column":5}},"169":{"start":{"line":350,"column":20},"end":{"line":350,"column":48}},"170":{"start":{"line":351,"column":6},"end":{"line":378,"column":7}},"171":{"start":{"line":353,"column":44},"end":{"line":357,"column":10}},"172":{"start":{"line":360,"column":28},"end":{"line":372,"column":26}},"173":{"start":{"line":361,"column":24},"end":{"line":369,"column":11}},"174":{"start":{"line":370,"column":26},"end":{"line":370,"column":42}},"175":{"start":{"line":371,"column":22},"end":{"line":371,"column":41}},"176":{"start":{"line":374,"column":8},"end":{"line":374,"column":51}},"177":{"start":{"line":376,"column":8},"end":{"line":376,"column":72}},"178":{"start":{"line":377,"column":8},"end":{"line":377,"column":42}},"179":{"start":{"line":382,"column":9},"end":{"line":497,"column":5}},"180":{"start":{"line":383,"column":20},"end":{"line":383,"column":47}},"181":{"start":{"line":384,"column":6},"end":{"line":411,"column":7}},"182":{"start":{"line":386,"column":44},"end":{"line":390,"column":10}},"183":{"start":{"line":393,"column":24},"end":{"line":405,"column":26}},"184":{"start":{"line":394,"column":24},"end":{"line":402,"column":11}},"185":{"start":{"line":403,"column":26},"end":{"line":403,"column":44}},"186":{"start":{"line":404,"column":22},"end":{"line":404,"column":41}},"187":{"start":{"line":407,"column":8},"end":{"line":407,"column":47}},"188":{"start":{"line":409,"column":8},"end":{"line":409,"column":71}},"189":{"start":{"line":410,"column":8},"end":{"line":410,"column":42}},"190":{"start":{"line":415,"column":9},"end":{"line":497,"column":5}},"191":{"start":{"line":416,"column":6},"end":{"line":461,"column":9}},"192":{"start":{"line":465,"column":9},"end":{"line":497,"column":5}},"193":{"start":{"line":467,"column":21},"end":{"line":467,"column":39}},"194":{"start":{"line":471,"column":6},"end":{"line":478,"column":9}},"195":{"start":{"line":482,"column":9},"end":{"line":497,"column":5}},"196":{"start":{"line":485,"column":42},"end":{"line":485,"column":48}},"197":{"start":{"line":487,"column":6},"end":{"line":489,"column":7}},"198":{"start":{"line":488,"column":8},"end":{"line":488,"column":64}},"199":{"start":{"line":492,"column":6},"end":{"line":492,"column":82}},"200":{"start":{"line":496,"column":6},"end":{"line":496,"column":55}},"201":{"start":{"line":499,"column":4},"end":{"line":499,"column":50}},"202":{"start":{"line":500,"column":4},"end":{"line":500,"column":45}},"203":{"start":{"line":510,"column":2},"end":{"line":512,"column":3}},"204":{"start":{"line":511,"column":4},"end":{"line":511,"column":18}},"205":{"start":{"line":514,"column":2},"end":{"line":516,"column":3}},"206":{"start":{"line":515,"column":4},"end":{"line":515,"column":19}},"207":{"start":{"line":517,"column":2},"end":{"line":519,"column":3}},"208":{"start":{"line":518,"column":4},"end":{"line":518,"column":19}},"209":{"start":{"line":520,"column":2},"end":{"line":522,"column":3}},"210":{"start":{"line":521,"column":4},"end":{"line":521,"column":18}},"211":{"start":{"line":523,"column":2},"end":{"line":525,"column":3}},"212":{"start":{"line":524,"column":4},"end":{"line":524,"column":19}},"213":{"start":{"line":526,"column":2},"end":{"line":528,"column":3}},"214":{"start":{"line":527,"column":4},"end":{"line":527,"column":23}},"215":{"start":{"line":531,"column":2},"end":{"line":531,"column":16}},"216":{"start":{"line":535,"column":0},"end":{"line":537,"column":3}},"217":{"start":{"line":536,"column":2},"end":{"line":536,"column":72}},"218":{"start":{"line":539,"column":0},"end":{"line":539,"column":35}}},"fnMap":{"0":{"name":"handleRequest","decl":{"start":{"line":27,"column":15},"end":{"line":27,"column":28}},"loc":{"start":{"line":27,"column":48},"end":{"line":502,"column":1}},"line":27},"1":{"name":"(anonymous_1)","decl":{"start":{"line":94,"column":23},"end":{"line":94,"column":24}},"loc":{"start":{"line":94,"column":47},"end":{"line":102,"column":3}},"line":94},"2":{"name":"(anonymous_2)","decl":{"start":{"line":105,"column":24},"end":{"line":105,"column":25}},"loc":{"start":{"line":105,"column":51},"end":{"line":107,"column":3}},"line":105},"3":{"name":"(anonymous_3)","decl":{"start":{"line":361,"column":15},"end":{"line":361,"column":16}},"loc":{"start":{"line":361,"column":24},"end":{"line":369,"column":11}},"line":361},"4":{"name":"(anonymous_4)","decl":{"start":{"line":370,"column":18},"end":{"line":370,"column":19}},"loc":{"start":{"line":370,"column":26},"end":{"line":370,"column":42}},"line":370},"5":{"name":"(anonymous_5)","decl":{"start":{"line":371,"column":16},"end":{"line":371,"column":17}},"loc":{"start":{"line":371,"column":22},"end":{"line":371,"column":41}},"line":371},"6":{"name":"(anonymous_6)","decl":{"start":{"line":394,"column":15},"end":{"line":394,"column":16}},"loc":{"start":{"line":394,"column":24},"end":{"line":402,"column":11}},"line":394},"7":{"name":"(anonymous_7)","decl":{"start":{"line":403,"column":18},"end":{"line":403,"column":19}},"loc":{"start":{"line":403,"column":26},"end":{"line":403,"column":44}},"line":403},"8":{"name":"(anonymous_8)","decl":{"start":{"line":404,"column":16},"end":{"line":404,"column":17}},"loc":{"start":{"line":404,"column":22},"end":{"line":404,"column":41}},"line":404},"9":{"name":"determineContentType","decl":{"start":{"line":509,"column":9},"end":{"line":509,"column":29}},"loc":{"start":{"line":509,"column":39},"end":{"line":532,"column":1}},"line":509},"10":{"name":"(anonymous_10)","decl":{"start":{"line":535,"column":26},"end":{"line":535,"column":27}},"loc":{"start":{"line":535,"column":35},"end":{"line":537,"column":1}},"line":535}},"branchMap":{"0":{"loc":{"start":{"line":30,"column":17},"end":{"line":30,"column":53}},"type":"binary-expr","locations":[{"start":{"line":30,"column":17},"end":{"line":30,"column":46}},{"start":{"line":30,"column":50},"end":{"line":30,"column":53}}],"line":30},"1":{"loc":{"start":{"line":46,"column":2},"end":{"line":63,"column":3}},"type":"if","locations":[{"start":{"line":46,"column":2},"end":{"line":63,"column":3}},{"start":{"line":55,"column":9},"end":{"line":63,"column":3}}],"line":46},"2":{"loc":{"start":{"line":66,"column":2},"end":{"line":81,"column":3}},"type":"if","locations":[{"start":{"line":66,"column":2},"end":{"line":81,"column":3}},{"start":{},"end":{}}],"line":66},"3":{"loc":{"start":{"line":71,"column":4},"end":{"line":75,"column":5}},"type":"if","locations":[{"start":{"line":71,"column":4},"end":{"line":75,"column":5}},{"start":{},"end":{}}],"line":71},"4":{"loc":{"start":{"line":71,"column":8},"end":{"line":71,"column":76}},"type":"binary-expr","locations":[{"start":{"line":71,"column":8},"end":{"line":71,"column":22}},{"start":{"line":71,"column":26},"end":{"line":71,"column":76}}],"line":71},"5":{"loc":{"start":{"line":73,"column":51},"end":{"line":73,"column":107}},"type":"binary-expr","locations":[{"start":{"line":73,"column":51},"end":{"line":73,"column":57}},{"start":{"line":73,"column":61},"end":{"line":73,"column":107}}],"line":73},"6":{"loc":{"start":{"line":94,"column":30},"end":{"line":94,"column":42}},"type":"default-arg","locations":[{"start":{"line":94,"column":39},"end":{"line":94,"column":42}}],"line":94},"7":{"loc":{"start":{"line":105,"column":34},"end":{"line":105,"column":46}},"type":"default-arg","locations":[{"start":{"line":105,"column":43},"end":{"line":105,"column":46}}],"line":105},"8":{"loc":{"start":{"line":111,"column":4},"end":{"line":497,"column":5}},"type":"if","locations":[{"start":{"line":111,"column":4},"end":{"line":497,"column":5}},{"start":{"line":189,"column":9},"end":{"line":497,"column":5}}],"line":111},"9":{"loc":{"start":{"line":115,"column":6},"end":{"line":185,"column":7}},"type":"if","locations":[{"start":{"line":115,"column":6},"end":{"line":185,"column":7}},{"start":{"line":121,"column":11},"end":{"line":185,"column":7}}],"line":115},"10":{"loc":{"start":{"line":121,"column":11},"end":{"line":185,"column":7}},"type":"if","locations":[{"start":{"line":121,"column":11},"end":{"line":185,"column":7}},{"start":{"line":128,"column":11},"end":{"line":185,"column":7}}],"line":121},"11":{"loc":{"start":{"line":122,"column":22},"end":{"line":122,"column":50}},"type":"binary-expr","locations":[{"start":{"line":122,"column":22},"end":{"line":122,"column":44}},{"start":{"line":122,"column":48},"end":{"line":122,"column":50}}],"line":122},"12":{"loc":{"start":{"line":128,"column":11},"end":{"line":185,"column":7}},"type":"if","locations":[{"start":{"line":128,"column":11},"end":{"line":185,"column":7}},{"start":{"line":135,"column":11},"end":{"line":185,"column":7}}],"line":128},"13":{"loc":{"start":{"line":129,"column":22},"end":{"line":129,"column":50}},"type":"binary-expr","locations":[{"start":{"line":129,"column":22},"end":{"line":129,"column":44}},{"start":{"line":129,"column":48},"end":{"line":129,"column":50}}],"line":129},"14":{"loc":{"start":{"line":135,"column":11},"end":{"line":185,"column":7}},"type":"if","locations":[{"start":{"line":135,"column":11},"end":{"line":185,"column":7}},{"start":{"line":145,"column":11},"end":{"line":185,"column":7}}],"line":135},"15":{"loc":{"start":{"line":138,"column":38},"end":{"line":138,"column":75}},"type":"cond-expr","locations":[{"start":{"line":138,"column":63},"end":{"line":138,"column":70}},{"start":{"line":138,"column":73},"end":{"line":138,"column":75}}],"line":138},"16":{"loc":{"start":{"line":145,"column":11},"end":{"line":185,"column":7}},"type":"if","locations":[{"start":{"line":145,"column":11},"end":{"line":185,"column":7}},{"start":{"line":151,"column":11},"end":{"line":185,"column":7}}],"line":145},"17":{"loc":{"start":{"line":151,"column":11},"end":{"line":185,"column":7}},"type":"if","locations":[{"start":{"line":151,"column":11},"end":{"line":185,"column":7}},{"start":{"line":159,"column":11},"end":{"line":185,"column":7}}],"line":151},"18":{"loc":{"start":{"line":159,"column":11},"end":{"line":185,"column":7}},"type":"if","locations":[{"start":{"line":159,"column":11},"end":{"line":185,"column":7}},{"start":{"line":166,"column":11},"end":{"line":185,"column":7}}],"line":159},"19":{"loc":{"start":{"line":159,"column":15},"end":{"line":159,"column":66}},"type":"binary-expr","locations":[{"start":{"line":159,"column":15},"end":{"line":159,"column":36}},{"start":{"line":159,"column":40},"end":{"line":159,"column":66}}],"line":159},"20":{"loc":{"start":{"line":166,"column":11},"end":{"line":185,"column":7}},"type":"if","locations":[{"start":{"line":166,"column":11},"end":{"line":185,"column":7}},{"start":{"line":173,"column":11},"end":{"line":185,"column":7}}],"line":166},"21":{"loc":{"start":{"line":166,"column":15},"end":{"line":166,"column":68}},"type":"binary-expr","locations":[{"start":{"line":166,"column":15},"end":{"line":166,"column":36}},{"start":{"line":166,"column":40},"end":{"line":166,"column":68}}],"line":166},"22":{"loc":{"start":{"line":173,"column":11},"end":{"line":185,"column":7}},"type":"if","locations":[{"start":{"line":173,"column":11},"end":{"line":185,"column":7}},{"start":{"line":180,"column":11},"end":{"line":185,"column":7}}],"line":173},"23":{"loc":{"start":{"line":173,"column":15},"end":{"line":173,"column":73}},"type":"binary-expr","locations":[{"start":{"line":173,"column":15},"end":{"line":173,"column":36}},{"start":{"line":173,"column":40},"end":{"line":173,"column":73}}],"line":173},"24":{"loc":{"start":{"line":180,"column":11},"end":{"line":185,"column":7}},"type":"if","locations":[{"start":{"line":180,"column":11},"end":{"line":185,"column":7}},{"start":{},"end":{}}],"line":180},"25":{"loc":{"start":{"line":180,"column":15},"end":{"line":180,"column":67}},"type":"binary-expr","locations":[{"start":{"line":180,"column":15},"end":{"line":180,"column":36}},{"start":{"line":180,"column":40},"end":{"line":180,"column":67}}],"line":180},"26":{"loc":{"start":{"line":189,"column":9},"end":{"line":497,"column":5}},"type":"if","locations":[{"start":{"line":189,"column":9},"end":{"line":497,"column":5}},{"start":{"line":277,"column":9},"end":{"line":497,"column":5}}],"line":189},"27":{"loc":{"start":{"line":193,"column":6},"end":{"line":273,"column":7}},"type":"if","locations":[{"start":{"line":193,"column":6},"end":{"line":273,"column":7}},{"start":{"line":199,"column":11},"end":{"line":273,"column":7}}],"line":193},"28":{"loc":{"start":{"line":199,"column":11},"end":{"line":273,"column":7}},"type":"if","locations":[{"start":{"line":199,"column":11},"end":{"line":273,"column":7}},{"start":{"line":206,"column":11},"end":{"line":273,"column":7}}],"line":199},"29":{"loc":{"start":{"line":200,"column":22},"end":{"line":200,"column":50}},"type":"binary-expr","locations":[{"start":{"line":200,"column":22},"end":{"line":200,"column":44}},{"start":{"line":200,"column":48},"end":{"line":200,"column":50}}],"line":200},"30":{"loc":{"start":{"line":206,"column":11},"end":{"line":273,"column":7}},"type":"if","locations":[{"start":{"line":206,"column":11},"end":{"line":273,"column":7}},{"start":{"line":213,"column":11},"end":{"line":273,"column":7}}],"line":206},"31":{"loc":{"start":{"line":207,"column":22},"end":{"line":207,"column":50}},"type":"binary-expr","locations":[{"start":{"line":207,"column":22},"end":{"line":207,"column":44}},{"start":{"line":207,"column":48},"end":{"line":207,"column":50}}],"line":207},"32":{"loc":{"start":{"line":213,"column":11},"end":{"line":273,"column":7}},"type":"if","locations":[{"start":{"line":213,"column":11},"end":{"line":273,"column":7}},{"start":{"line":220,"column":11},"end":{"line":273,"column":7}}],"line":213},"33":{"loc":{"start":{"line":214,"column":22},"end":{"line":214,"column":50}},"type":"binary-expr","locations":[{"start":{"line":214,"column":22},"end":{"line":214,"column":44}},{"start":{"line":214,"column":48},"end":{"line":214,"column":50}}],"line":214},"34":{"loc":{"start":{"line":220,"column":11},"end":{"line":273,"column":7}},"type":"if","locations":[{"start":{"line":220,"column":11},"end":{"line":273,"column":7}},{"start":{"line":229,"column":11},"end":{"line":273,"column":7}}],"line":220},"35":{"loc":{"start":{"line":220,"column":15},"end":{"line":220,"column":63}},"type":"binary-expr","locations":[{"start":{"line":220,"column":15},"end":{"line":220,"column":36}},{"start":{"line":220,"column":40},"end":{"line":220,"column":63}}],"line":220},"36":{"loc":{"start":{"line":222,"column":21},"end":{"line":222,"column":47}},"type":"binary-expr","locations":[{"start":{"line":222,"column":21},"end":{"line":222,"column":42}},{"start":{"line":222,"column":46},"end":{"line":222,"column":47}}],"line":222},"37":{"loc":{"start":{"line":223,"column":22},"end":{"line":223,"column":50}},"type":"binary-expr","locations":[{"start":{"line":223,"column":22},"end":{"line":223,"column":44}},{"start":{"line":223,"column":48},"end":{"line":223,"column":50}}],"line":223},"38":{"loc":{"start":{"line":229,"column":11},"end":{"line":273,"column":7}},"type":"if","locations":[{"start":{"line":229,"column":11},"end":{"line":273,"column":7}},{"start":{"line":238,"column":11},"end":{"line":273,"column":7}}],"line":229},"39":{"loc":{"start":{"line":229,"column":15},"end":{"line":229,"column":65}},"type":"binary-expr","locations":[{"start":{"line":229,"column":15},"end":{"line":229,"column":36}},{"start":{"line":229,"column":40},"end":{"line":229,"column":65}}],"line":229},"40":{"loc":{"start":{"line":231,"column":21},"end":{"line":231,"column":47}},"type":"binary-expr","locations":[{"start":{"line":231,"column":21},"end":{"line":231,"column":42}},{"start":{"line":231,"column":46},"end":{"line":231,"column":47}}],"line":231},"41":{"loc":{"start":{"line":232,"column":22},"end":{"line":232,"column":50}},"type":"binary-expr","locations":[{"start":{"line":232,"column":22},"end":{"line":232,"column":44}},{"start":{"line":232,"column":48},"end":{"line":232,"column":50}}],"line":232},"42":{"loc":{"start":{"line":238,"column":11},"end":{"line":273,"column":7}},"type":"if","locations":[{"start":{"line":238,"column":11},"end":{"line":273,"column":7}},{"start":{"line":244,"column":11},"end":{"line":273,"column":7}}],"line":238},"43":{"loc":{"start":{"line":244,"column":11},"end":{"line":273,"column":7}},"type":"if","locations":[{"start":{"line":244,"column":11},"end":{"line":273,"column":7}},{"start":{"line":254,"column":11},"end":{"line":273,"column":7}}],"line":244},"44":{"loc":{"start":{"line":247,"column":38},"end":{"line":247,"column":75}},"type":"cond-expr","locations":[{"start":{"line":247,"column":63},"end":{"line":247,"column":70}},{"start":{"line":247,"column":73},"end":{"line":247,"column":75}}],"line":247},"45":{"loc":{"start":{"line":254,"column":11},"end":{"line":273,"column":7}},"type":"if","locations":[{"start":{"line":254,"column":11},"end":{"line":273,"column":7}},{"start":{"line":261,"column":11},"end":{"line":273,"column":7}}],"line":254},"46":{"loc":{"start":{"line":254,"column":15},"end":{"line":254,"column":66}},"type":"binary-expr","locations":[{"start":{"line":254,"column":15},"end":{"line":254,"column":36}},{"start":{"line":254,"column":40},"end":{"line":254,"column":66}}],"line":254},"47":{"loc":{"start":{"line":261,"column":11},"end":{"line":273,"column":7}},"type":"if","locations":[{"start":{"line":261,"column":11},"end":{"line":273,"column":7}},{"start":{"line":268,"column":11},"end":{"line":273,"column":7}}],"line":261},"48":{"loc":{"start":{"line":261,"column":15},"end":{"line":261,"column":62}},"type":"binary-expr","locations":[{"start":{"line":261,"column":15},"end":{"line":261,"column":36}},{"start":{"line":261,"column":40},"end":{"line":261,"column":62}}],"line":261},"49":{"loc":{"start":{"line":268,"column":11},"end":{"line":273,"column":7}},"type":"if","locations":[{"start":{"line":268,"column":11},"end":{"line":273,"column":7}},{"start":{},"end":{}}],"line":268},"50":{"loc":{"start":{"line":268,"column":15},"end":{"line":268,"column":67}},"type":"binary-expr","locations":[{"start":{"line":268,"column":15},"end":{"line":268,"column":36}},{"start":{"line":268,"column":40},"end":{"line":268,"column":67}}],"line":268},"51":{"loc":{"start":{"line":277,"column":9},"end":{"line":497,"column":5}},"type":"if","locations":[{"start":{"line":277,"column":9},"end":{"line":497,"column":5}},{"start":{"line":286,"column":9},"end":{"line":497,"column":5}}],"line":277},"52":{"loc":{"start":{"line":280,"column":36},"end":{"line":280,"column":73}},"type":"cond-expr","locations":[{"start":{"line":280,"column":61},"end":{"line":280,"column":68}},{"start":{"line":280,"column":71},"end":{"line":280,"column":73}}],"line":280},"53":{"loc":{"start":{"line":286,"column":9},"end":{"line":497,"column":5}},"type":"if","locations":[{"start":{"line":286,"column":9},"end":{"line":497,"column":5}},{"start":{"line":349,"column":9},"end":{"line":497,"column":5}}],"line":286},"54":{"loc":{"start":{"line":291,"column":8},"end":{"line":341,"column":9}},"type":"if","locations":[{"start":{"line":291,"column":8},"end":{"line":341,"column":9}},{"start":{"line":297,"column":13},"end":{"line":341,"column":9}}],"line":291},"55":{"loc":{"start":{"line":297,"column":13},"end":{"line":341,"column":9}},"type":"if","locations":[{"start":{"line":297,"column":13},"end":{"line":341,"column":9}},{"start":{"line":304,"column":13},"end":{"line":341,"column":9}}],"line":297},"56":{"loc":{"start":{"line":298,"column":24},"end":{"line":298,"column":52}},"type":"binary-expr","locations":[{"start":{"line":298,"column":24},"end":{"line":298,"column":46}},{"start":{"line":298,"column":50},"end":{"line":298,"column":52}}],"line":298},"57":{"loc":{"start":{"line":304,"column":13},"end":{"line":341,"column":9}},"type":"if","locations":[{"start":{"line":304,"column":13},"end":{"line":341,"column":9}},{"start":{"line":311,"column":13},"end":{"line":341,"column":9}}],"line":304},"58":{"loc":{"start":{"line":305,"column":24},"end":{"line":305,"column":52}},"type":"binary-expr","locations":[{"start":{"line":305,"column":24},"end":{"line":305,"column":46}},{"start":{"line":305,"column":50},"end":{"line":305,"column":52}}],"line":305},"59":{"loc":{"start":{"line":311,"column":13},"end":{"line":341,"column":9}},"type":"if","locations":[{"start":{"line":311,"column":13},"end":{"line":341,"column":9}},{"start":{"line":318,"column":13},"end":{"line":341,"column":9}}],"line":311},"60":{"loc":{"start":{"line":312,"column":24},"end":{"line":312,"column":52}},"type":"binary-expr","locations":[{"start":{"line":312,"column":24},"end":{"line":312,"column":46}},{"start":{"line":312,"column":50},"end":{"line":312,"column":52}}],"line":312},"61":{"loc":{"start":{"line":318,"column":13},"end":{"line":341,"column":9}},"type":"if","locations":[{"start":{"line":318,"column":13},"end":{"line":341,"column":9}},{"start":{"line":327,"column":13},"end":{"line":341,"column":9}}],"line":318},"62":{"loc":{"start":{"line":318,"column":17},"end":{"line":318,"column":65}},"type":"binary-expr","locations":[{"start":{"line":318,"column":17},"end":{"line":318,"column":38}},{"start":{"line":318,"column":42},"end":{"line":318,"column":65}}],"line":318},"63":{"loc":{"start":{"line":320,"column":23},"end":{"line":320,"column":49}},"type":"binary-expr","locations":[{"start":{"line":320,"column":23},"end":{"line":320,"column":44}},{"start":{"line":320,"column":48},"end":{"line":320,"column":49}}],"line":320},"64":{"loc":{"start":{"line":321,"column":24},"end":{"line":321,"column":52}},"type":"binary-expr","locations":[{"start":{"line":321,"column":24},"end":{"line":321,"column":46}},{"start":{"line":321,"column":50},"end":{"line":321,"column":52}}],"line":321},"65":{"loc":{"start":{"line":327,"column":13},"end":{"line":341,"column":9}},"type":"if","locations":[{"start":{"line":327,"column":13},"end":{"line":341,"column":9}},{"start":{"line":336,"column":13},"end":{"line":341,"column":9}}],"line":327},"66":{"loc":{"start":{"line":327,"column":17},"end":{"line":327,"column":65}},"type":"binary-expr","locations":[{"start":{"line":327,"column":17},"end":{"line":327,"column":38}},{"start":{"line":327,"column":42},"end":{"line":327,"column":65}}],"line":327},"67":{"loc":{"start":{"line":329,"column":23},"end":{"line":329,"column":49}},"type":"binary-expr","locations":[{"start":{"line":329,"column":23},"end":{"line":329,"column":44}},{"start":{"line":329,"column":48},"end":{"line":329,"column":49}}],"line":329},"68":{"loc":{"start":{"line":330,"column":24},"end":{"line":330,"column":52}},"type":"binary-expr","locations":[{"start":{"line":330,"column":24},"end":{"line":330,"column":46}},{"start":{"line":330,"column":50},"end":{"line":330,"column":52}}],"line":330},"69":{"loc":{"start":{"line":336,"column":13},"end":{"line":341,"column":9}},"type":"if","locations":[{"start":{"line":336,"column":13},"end":{"line":341,"column":9}},{"start":{},"end":{}}],"line":336},"70":{"loc":{"start":{"line":336,"column":17},"end":{"line":336,"column":68}},"type":"binary-expr","locations":[{"start":{"line":336,"column":17},"end":{"line":336,"column":38}},{"start":{"line":336,"column":42},"end":{"line":336,"column":68}}],"line":336},"71":{"loc":{"start":{"line":338,"column":23},"end":{"line":338,"column":49}},"type":"binary-expr","locations":[{"start":{"line":338,"column":23},"end":{"line":338,"column":44}},{"start":{"line":338,"column":48},"end":{"line":338,"column":49}}],"line":338},"72":{"loc":{"start":{"line":339,"column":24},"end":{"line":339,"column":52}},"type":"binary-expr","locations":[{"start":{"line":339,"column":24},"end":{"line":339,"column":46}},{"start":{"line":339,"column":50},"end":{"line":339,"column":52}}],"line":339},"73":{"loc":{"start":{"line":349,"column":9},"end":{"line":497,"column":5}},"type":"if","locations":[{"start":{"line":349,"column":9},"end":{"line":497,"column":5}},{"start":{"line":382,"column":9},"end":{"line":497,"column":5}}],"line":349},"74":{"loc":{"start":{"line":350,"column":20},"end":{"line":350,"column":48}},"type":"binary-expr","locations":[{"start":{"line":350,"column":20},"end":{"line":350,"column":42}},{"start":{"line":350,"column":46},"end":{"line":350,"column":48}}],"line":350},"75":{"loc":{"start":{"line":362,"column":16},"end":{"line":362,"column":60}},"type":"binary-expr","locations":[{"start":{"line":362,"column":16},"end":{"line":362,"column":23}},{"start":{"line":362,"column":27},"end":{"line":362,"column":60}}],"line":362},"76":{"loc":{"start":{"line":363,"column":19},"end":{"line":363,"column":58}},"type":"binary-expr","locations":[{"start":{"line":363,"column":19},"end":{"line":363,"column":29}},{"start":{"line":363,"column":33},"end":{"line":363,"column":42}},{"start":{"line":363,"column":46},"end":{"line":363,"column":58}}],"line":363},"77":{"loc":{"start":{"line":364,"column":25},"end":{"line":364,"column":61}},"type":"binary-expr","locations":[{"start":{"line":364,"column":25},"end":{"line":364,"column":41}},{"start":{"line":364,"column":45},"end":{"line":364,"column":55}},{"start":{"line":364,"column":59},"end":{"line":364,"column":61}}],"line":364},"78":{"loc":{"start":{"line":365,"column":27},"end":{"line":365,"column":65}},"type":"binary-expr","locations":[{"start":{"line":365,"column":27},"end":{"line":365,"column":45}},{"start":{"line":365,"column":49},"end":{"line":365,"column":59}},{"start":{"line":365,"column":63},"end":{"line":365,"column":65}}],"line":365},"79":{"loc":{"start":{"line":366,"column":22},"end":{"line":366,"column":61}},"type":"binary-expr","locations":[{"start":{"line":366,"column":22},"end":{"line":366,"column":35}},{"start":{"line":366,"column":39},"end":{"line":366,"column":55}},{"start":{"line":366,"column":59},"end":{"line":366,"column":61}}],"line":366},"80":{"loc":{"start":{"line":367,"column":26},"end":{"line":367,"column":81}},"type":"binary-expr","locations":[{"start":{"line":367,"column":26},"end":{"line":367,"column":43}},{"start":{"line":367,"column":47},"end":{"line":367,"column":81}}],"line":367},"81":{"loc":{"start":{"line":382,"column":9},"end":{"line":497,"column":5}},"type":"if","locations":[{"start":{"line":382,"column":9},"end":{"line":497,"column":5}},{"start":{"line":415,"column":9},"end":{"line":497,"column":5}}],"line":382},"82":{"loc":{"start":{"line":383,"column":20},"end":{"line":383,"column":47}},"type":"binary-expr","locations":[{"start":{"line":383,"column":20},"end":{"line":383,"column":42}},{"start":{"line":383,"column":46},"end":{"line":383,"column":47}}],"line":383},"83":{"loc":{"start":{"line":395,"column":16},"end":{"line":395,"column":60}},"type":"binary-expr","locations":[{"start":{"line":395,"column":16},"end":{"line":395,"column":23}},{"start":{"line":395,"column":27},"end":{"line":395,"column":60}}],"line":395},"84":{"loc":{"start":{"line":396,"column":19},"end":{"line":396,"column":58}},"type":"binary-expr","locations":[{"start":{"line":396,"column":19},"end":{"line":396,"column":29}},{"start":{"line":396,"column":33},"end":{"line":396,"column":42}},{"start":{"line":396,"column":46},"end":{"line":396,"column":58}}],"line":396},"85":{"loc":{"start":{"line":397,"column":25},"end":{"line":397,"column":61}},"type":"binary-expr","locations":[{"start":{"line":397,"column":25},"end":{"line":397,"column":41}},{"start":{"line":397,"column":45},"end":{"line":397,"column":55}},{"start":{"line":397,"column":59},"end":{"line":397,"column":61}}],"line":397},"86":{"loc":{"start":{"line":398,"column":27},"end":{"line":398,"column":65}},"type":"binary-expr","locations":[{"start":{"line":398,"column":27},"end":{"line":398,"column":45}},{"start":{"line":398,"column":49},"end":{"line":398,"column":59}},{"start":{"line":398,"column":63},"end":{"line":398,"column":65}}],"line":398},"87":{"loc":{"start":{"line":399,"column":22},"end":{"line":399,"column":61}},"type":"binary-expr","locations":[{"start":{"line":399,"column":22},"end":{"line":399,"column":35}},{"start":{"line":399,"column":39},"end":{"line":399,"column":55}},{"start":{"line":399,"column":59},"end":{"line":399,"column":61}}],"line":399},"88":{"loc":{"start":{"line":400,"column":26},"end":{"line":400,"column":81}},"type":"binary-expr","locations":[{"start":{"line":400,"column":26},"end":{"line":400,"column":43}},{"start":{"line":400,"column":47},"end":{"line":400,"column":81}}],"line":400},"89":{"loc":{"start":{"line":415,"column":9},"end":{"line":497,"column":5}},"type":"if","locations":[{"start":{"line":415,"column":9},"end":{"line":497,"column":5}},{"start":{"line":465,"column":9},"end":{"line":497,"column":5}}],"line":415},"90":{"loc":{"start":{"line":415,"column":13},"end":{"line":415,"column":48}},"type":"binary-expr","locations":[{"start":{"line":415,"column":13},"end":{"line":415,"column":28}},{"start":{"line":415,"column":32},"end":{"line":415,"column":48}}],"line":415},"91":{"loc":{"start":{"line":465,"column":9},"end":{"line":497,"column":5}},"type":"if","locations":[{"start":{"line":465,"column":9},"end":{"line":497,"column":5}},{"start":{"line":482,"column":9},"end":{"line":497,"column":5}}],"line":465},"92":{"loc":{"start":{"line":482,"column":9},"end":{"line":497,"column":5}},"type":"if","locations":[{"start":{"line":482,"column":9},"end":{"line":497,"column":5}},{"start":{"line":495,"column":9},"end":{"line":497,"column":5}}],"line":482},"93":{"loc":{"start":{"line":487,"column":6},"end":{"line":489,"column":7}},"type":"if","locations":[{"start":{"line":487,"column":6},"end":{"line":489,"column":7}},{"start":{},"end":{}}],"line":487},"94":{"loc":{"start":{"line":510,"column":2},"end":{"line":512,"column":3}},"type":"if","locations":[{"start":{"line":510,"column":2},"end":{"line":512,"column":3}},{"start":{},"end":{}}],"line":510},"95":{"loc":{"start":{"line":514,"column":2},"end":{"line":516,"column":3}},"type":"if","locations":[{"start":{"line":514,"column":2},"end":{"line":516,"column":3}},{"start":{},"end":{}}],"line":514},"96":{"loc":{"start":{"line":517,"column":2},"end":{"line":519,"column":3}},"type":"if","locations":[{"start":{"line":517,"column":2},"end":{"line":519,"column":3}},{"start":{},"end":{}}],"line":517},"97":{"loc":{"start":{"line":517,"column":6},"end":{"line":517,"column":47}},"type":"binary-expr","locations":[{"start":{"line":517,"column":6},"end":{"line":517,"column":22}},{"start":{"line":517,"column":26},"end":{"line":517,"column":47}}],"line":517},"98":{"loc":{"start":{"line":520,"column":2},"end":{"line":522,"column":3}},"type":"if","locations":[{"start":{"line":520,"column":2},"end":{"line":522,"column":3}},{"start":{},"end":{}}],"line":520},"99":{"loc":{"start":{"line":523,"column":2},"end":{"line":525,"column":3}},"type":"if","locations":[{"start":{"line":523,"column":2},"end":{"line":525,"column":3}},{"start":{},"end":{}}],"line":523},"100":{"loc":{"start":{"line":523,"column":6},"end":{"line":523,"column":72}},"type":"binary-expr","locations":[{"start":{"line":523,"column":6},"end":{"line":523,"column":28}},{"start":{"line":523,"column":32},"end":{"line":523,"column":72}}],"line":523},"101":{"loc":{"start":{"line":526,"column":2},"end":{"line":528,"column":3}},"type":"if","locations":[{"start":{"line":526,"column":2},"end":{"line":528,"column":3}},{"start":{},"end":{}}],"line":526},"102":{"loc":{"start":{"line":526,"column":6},"end":{"line":526,"column":71}},"type":"binary-expr","locations":[{"start":{"line":526,"column":6},"end":{"line":526,"column":40}},{"start":{"line":526,"column":44},"end":{"line":526,"column":71}}],"line":526}},"s":{"0":0,"1":0,"2":0,"3":0,"4":0,"5":0,"6":0,"7":0,"8":0,"9":0,"10":0,"11":0,"12":0,"13":0,"14":0,"15":0,"16":0,"17":0,"18":0,"19":0,"20":0,"21":0,"22":0,"23":0,"24":0,"25":0,"26":0,"27":0,"28":0,"29":0,"30":0,"31":0,"32":0,"33":0,"34":0,"35":0,"36":0,"37":0,"38":0,"39":0,"40":0,"41":0,"42":0,"43":0,"44":0,"45":0,"46":0,"47":0,"48":0,"49":0,"50":0,"51":0,"52":0,"53":0,"54":0,"55":0,"56":0,"57":0,"58":0,"59":0,"60":0,"61":0,"62":0,"63":0,"64":0,"65":0,"66":0,"67":0,"68":0,"69":0,"70":0,"71":0,"72":0,"73":0,"74":0,"75":0,"76":0,"77":0,"78":0,"79":0,"80":0,"81":0,"82":0,"83":0,"84":0,"85":0,"86":0,"87":0,"88":0,"89":0,"90":0,"91":0,"92":0,"93":0,"94":0,"95":0,"96":0,"97":0,"98":0,"99":0,"100":0,"101":0,"102":0,"103":0,"104":0,"105":0,"106":0,"107":0,"108":0,"109":0,"110":0,"111":0,"112":0,"113":0,"114":0,"115":0,"116":0,"117":0,"118":0,"119":0,"120":0,"121":0,"122":0,"123":0,"124":0,"125":0,"126":0,"127":0,"128":0,"129":0,"130":0,"131":0,"132":0,"133":0,"134":0,"135":0,"136":0,"137":0,"138":0,"139":0,"140":0,"141":0,"142":0,"143":0,"144":0,"145":0,"146":0,"147":0,"148":0,"149":0,"150":0,"151":0,"152":0,"153":0,"154":0,"155":0,"156":0,"157":0,"158":0,"159":0,"160":0,"161":0,"162":0,"163":0,"164":0,"165":0,"166":0,"167":0,"168":0,"169":0,"170":0,"171":0,"172":0,"173":0,"174":0,"175":0,"176":0,"177":0,"178":0,"179":0,"180":0,"181":0,"182":0,"183":0,"184":0,"185":0,"186":0,"187":0,"188":0,"189":0,"190":0,"191":0,"192":0,"193":0,"194":0,"195":0,"196":0,"197":0,"198":0,"199":0,"200":0,"201":0,"202":0,"203":0,"204":0,"205":0,"206":0,"207":0,"208":0,"209":0,"210":0,"211":0,"212":0,"213":0,"214":0,"215":0,"216":0,"217":0,"218":0},"f":{"0":0,"1":0,"2":0,"3":0,"4":0,"5":0,"6":0,"7":0,"8":0,"9":0,"10":0},"b":{"0":[0,0],"1":[0,0],"2":[0,0],"3":[0,0],"4":[0,0],"5":[0,0],"6":[0],"7":[0],"8":[0,0],"9":[0,0],"10":[0,0],"11":[0,0],"12":[0,0],"13":[0,0],"14":[0,0],"15":[0,0],"16":[0,0],"17":[0,0],"18":[0,0],"19":[0,0],"20":[0,0],"21":[0,0],"22":[0,0],"23":[0,0],"24":[0,0],"25":[0,0],"26":[0,0],"27":[0,0],"28":[0,0],"29":[0,0],"30":[0,0],"31":[0,0],"32":[0,0],"33":[0,0],"34":[0,0],"35":[0,0],"36":[0,0],"37":[0,0],"38":[0,0],"39":[0,0],"40":[0,0],"41":[0,0],"42":[0,0],"43":[0,0],"44":[0,0],"45":[0,0],"46":[0,0],"47":[0,0],"48":[0,0],"49":[0,0],"50":[0,0],"51":[0,0],"52":[0,0],"53":[0,0],"54":[0,0],"55":[0,0],"56":[0,0],"57":[0,0],"58":[0,0],"59":[0,0],"60":[0,0],"61":[0,0],"62":[0,0],"63":[0,0],"64":[0,0],"65":[0,0],"66":[0,0],"67":[0,0],"68":[0,0],"69":[0,0],"70":[0,0],"71":[0,0],"72":[0,0],"73":[0,0],"74":[0,0],"75":[0,0],"76":[0,0,0],"77":[0,0,0],"78":[0,0,0],"79":[0,0,0],"80":[0,0],"81":[0,0],"82":[0,0],"83":[0,0],"84":[0,0,0],"85":[0,0,0],"86":[0,0,0],"87":[0,0,0],"88":[0,0],"89":[0,0],"90":[0,0],"91":[0,0],"92":[0,0],"93":[0,0],"94":[0,0],"95":[0,0],"96":[0,0],"97":[0,0],"98":[0,0],"99":[0,0],"100":[0,0],"101":[0,0],"102":[0,0]}}
,"/Users/floriace/FLO_DRAMA/FloDrama/cloudflare/workers/unified-api/webpack.config.js": {"path":"/Users/floriace/FLO_DRAMA/FloDrama/cloudflare/workers/unified-api/webpack.config.js","statementMap":{"0":{"start":{"line":1,"column":13},"end":{"line":1,"column":28}},"1":{"start":{"line":3,"column":0},"end":{"line":23,"column":2}}},"fnMap":{},"branchMap":{"0":{"loc":{"start":{"line":10,"column":8},"end":{"line":10,"column":44}},"type":"binary-expr","locations":[{"start":{"line":10,"column":8},"end":{"line":10,"column":28}},{"start":{"line":10,"column":32},"end":{"line":10,"column":44}}],"line":10}},"s":{"0":0,"1":0},"f":{},"b":{"0":[0,0]}}
,"/Users/floriace/FLO_DRAMA/FloDrama/cloudflare/workers/unified-api/anime/controllers/AnimeController.js": {"path":"/Users/floriace/FLO_DRAMA/FloDrama/cloudflare/workers/unified-api/anime/controllers/AnimeController.js","statementMap":{"0":{"start":{"line":1,"column":21},"end":{"line":1,"column":56}},"1":{"start":{"line":2,"column":24},"end":{"line":2,"column":62}},"2":{"start":{"line":10,"column":4},"end":{"line":10,"column":43}},"3":{"start":{"line":11,"column":4},"end":{"line":11,"column":49}},"4":{"start":{"line":21,"column":4},"end":{"line":38,"column":5}},"5":{"start":{"line":23,"column":6},"end":{"line":27,"column":7}},"6":{"start":{"line":24,"column":8},"end":{"line":24,"column":60}},"7":{"start":{"line":26,"column":8},"end":{"line":26,"column":52}},"8":{"start":{"line":29,"column":6},"end":{"line":29,"column":71}},"9":{"start":{"line":32,"column":6},"end":{"line":37,"column":7}},"10":{"start":{"line":33,"column":8},"end":{"line":33,"column":55}},"11":{"start":{"line":35,"column":8},"end":{"line":35,"column":84}},"12":{"start":{"line":36,"column":8},"end":{"line":36,"column":51}},"13":{"start":{"line":48,"column":4},"end":{"line":61,"column":5}},"14":{"start":{"line":50,"column":6},"end":{"line":50,"column":64}},"15":{"start":{"line":52,"column":6},"end":{"line":52,"column":87}},"16":{"start":{"line":55,"column":6},"end":{"line":60,"column":7}},"17":{"start":{"line":56,"column":8},"end":{"line":56,"column":63}},"18":{"start":{"line":58,"column":8},"end":{"line":58,"column":100}},"19":{"start":{"line":59,"column":8},"end":{"line":59,"column":68}},"20":{"start":{"line":70,"column":4},"end":{"line":83,"column":5}},"21":{"start":{"line":72,"column":6},"end":{"line":72,"column":60}},"22":{"start":{"line":74,"column":6},"end":{"line":74,"column":90}},"23":{"start":{"line":77,"column":6},"end":{"line":82,"column":7}},"24":{"start":{"line":78,"column":8},"end":{"line":78,"column":65}},"25":{"start":{"line":80,"column":8},"end":{"line":80,"column":103}},"26":{"start":{"line":81,"column":8},"end":{"line":81,"column":71}},"27":{"start":{"line":92,"column":40},"end":{"line":92,"column":46}},"28":{"start":{"line":94,"column":4},"end":{"line":127,"column":5}},"29":{"start":{"line":96,"column":6},"end":{"line":104,"column":7}},"30":{"start":{"line":97,"column":8},"end":{"line":103,"column":11}},"31":{"start":{"line":107,"column":6},"end":{"line":112,"column":9}},"32":{"start":{"line":114,"column":6},"end":{"line":114,"column":70}},"33":{"start":{"line":117,"column":6},"end":{"line":123,"column":7}},"34":{"start":{"line":118,"column":8},"end":{"line":122,"column":9}},"35":{"start":{"line":119,"column":10},"end":{"line":119,"column":59}},"36":{"start":{"line":121,"column":10},"end":{"line":121,"column":85}},"37":{"start":{"line":126,"column":6},"end":{"line":126,"column":26}},"38":{"start":{"line":136,"column":4},"end":{"line":145,"column":5}},"39":{"start":{"line":138,"column":35},"end":{"line":138,"column":80}},"40":{"start":{"line":140,"column":6},"end":{"line":142,"column":7}},"41":{"start":{"line":141,"column":8},"end":{"line":141,"column":52}},"42":{"start":{"line":144,"column":6},"end":{"line":144,"column":74}},"43":{"start":{"line":148,"column":4},"end":{"line":156,"column":5}},"44":{"start":{"line":149,"column":23},"end":{"line":149,"column":77}},"45":{"start":{"line":151,"column":6},"end":{"line":153,"column":7}},"46":{"start":{"line":152,"column":8},"end":{"line":152,"column":45}},"47":{"start":{"line":155,"column":6},"end":{"line":155,"column":71}},"48":{"start":{"line":159,"column":4},"end":{"line":159,"column":14}},"49":{"start":{"line":168,"column":4},"end":{"line":177,"column":5}},"50":{"start":{"line":170,"column":33},"end":{"line":170,"column":76}},"51":{"start":{"line":172,"column":6},"end":{"line":174,"column":7}},"52":{"start":{"line":173,"column":8},"end":{"line":173,"column":50}},"53":{"start":{"line":176,"column":6},"end":{"line":176,"column":72}},"54":{"start":{"line":180,"column":4},"end":{"line":193,"column":5}},"55":{"start":{"line":181,"column":26},"end":{"line":186,"column":8}},"56":{"start":{"line":188,"column":6},"end":{"line":190,"column":7}},"57":{"start":{"line":189,"column":8},"end":{"line":189,"column":32}},"58":{"start":{"line":192,"column":6},"end":{"line":192,"column":69}},"59":{"start":{"line":196,"column":4},"end":{"line":196,"column":14}},"60":{"start":{"line":204,"column":4},"end":{"line":209,"column":5}},"61":{"start":{"line":205,"column":6},"end":{"line":205,"column":54}},"62":{"start":{"line":207,"column":6},"end":{"line":207,"column":75}},"63":{"start":{"line":208,"column":6},"end":{"line":208,"column":68}},"64":{"start":{"line":219,"column":4},"end":{"line":236,"column":5}},"65":{"start":{"line":220,"column":30},"end":{"line":220,"column":81}},"66":{"start":{"line":222,"column":6},"end":{"line":233,"column":7}},"67":{"start":{"line":224,"column":41},"end":{"line":230,"column":10}},"68":{"start":{"line":225,"column":24},"end":{"line":225,"column":34}},"69":{"start":{"line":226,"column":10},"end":{"line":226,"column":40}},"70":{"start":{"line":227,"column":10},"end":{"line":229,"column":55}},"71":{"start":{"line":232,"column":8},"end":{"line":232,"column":56}},"72":{"start":{"line":235,"column":6},"end":{"line":235,"column":88}},"73":{"start":{"line":239,"column":4},"end":{"line":239,"column":14}},"74":{"start":{"line":249,"column":4},"end":{"line":254,"column":5}},"75":{"start":{"line":250,"column":6},"end":{"line":250,"column":71}},"76":{"start":{"line":252,"column":6},"end":{"line":252,"column":101}},"77":{"start":{"line":253,"column":6},"end":{"line":253,"column":105}},"78":{"start":{"line":258,"column":0},"end":{"line":258,"column":33}}},"fnMap":{"0":{"name":"(anonymous_0)","decl":{"start":{"line":9,"column":2},"end":{"line":9,"column":3}},"loc":{"start":{"line":9,"column":16},"end":{"line":12,"column":3}},"line":9},"1":{"name":"(anonymous_1)","decl":{"start":{"line":20,"column":2},"end":{"line":20,"column":3}},"loc":{"start":{"line":20,"column":39},"end":{"line":39,"column":3}},"line":20},"2":{"name":"(anonymous_2)","decl":{"start":{"line":47,"column":2},"end":{"line":47,"column":3}},"loc":{"start":{"line":47,"column":39},"end":{"line":62,"column":3}},"line":47},"3":{"name":"(anonymous_3)","decl":{"start":{"line":69,"column":2},"end":{"line":69,"column":3}},"loc":{"start":{"line":69,"column":31},"end":{"line":84,"column":3}},"line":69},"4":{"name":"(anonymous_4)","decl":{"start":{"line":91,"column":2},"end":{"line":91,"column":3}},"loc":{"start":{"line":91,"column":28},"end":{"line":128,"column":3}},"line":91},"5":{"name":"(anonymous_5)","decl":{"start":{"line":135,"column":2},"end":{"line":135,"column":3}},"loc":{"start":{"line":135,"column":37},"end":{"line":160,"column":3}},"line":135},"6":{"name":"(anonymous_6)","decl":{"start":{"line":167,"column":2},"end":{"line":167,"column":3}},"loc":{"start":{"line":167,"column":35},"end":{"line":197,"column":3}},"line":167},"7":{"name":"(anonymous_7)","decl":{"start":{"line":203,"column":2},"end":{"line":203,"column":3}},"loc":{"start":{"line":203,"column":25},"end":{"line":210,"column":3}},"line":203},"8":{"name":"(anonymous_8)","decl":{"start":{"line":218,"column":2},"end":{"line":218,"column":3}},"loc":{"start":{"line":218,"column":48},"end":{"line":240,"column":3}},"line":218},"9":{"name":"(anonymous_9)","decl":{"start":{"line":224,"column":66},"end":{"line":224,"column":67}},"loc":{"start":{"line":224,"column":74},"end":{"line":230,"column":9}},"line":224},"10":{"name":"(anonymous_10)","decl":{"start":{"line":248,"column":2},"end":{"line":248,"column":3}},"loc":{"start":{"line":248,"column":39},"end":{"line":255,"column":3}},"line":248}},"branchMap":{"0":{"loc":{"start":{"line":20,"column":25},"end":{"line":20,"column":37}},"type":"default-arg","locations":[{"start":{"line":20,"column":32},"end":{"line":20,"column":37}}],"line":20},"1":{"loc":{"start":{"line":23,"column":6},"end":{"line":27,"column":7}},"type":"if","locations":[{"start":{"line":23,"column":6},"end":{"line":27,"column":7}},{"start":{"line":25,"column":13},"end":{"line":27,"column":7}}],"line":23},"2":{"loc":{"start":{"line":47,"column":29},"end":{"line":47,"column":37}},"type":"default-arg","locations":[{"start":{"line":47,"column":36},"end":{"line":47,"column":37}}],"line":47},"3":{"loc":{"start":{"line":92,"column":15},"end":{"line":92,"column":23}},"type":"default-arg","locations":[{"start":{"line":92,"column":22},"end":{"line":92,"column":23}}],"line":92},"4":{"loc":{"start":{"line":92,"column":25},"end":{"line":92,"column":35}},"type":"default-arg","locations":[{"start":{"line":92,"column":33},"end":{"line":92,"column":35}}],"line":92},"5":{"loc":{"start":{"line":96,"column":6},"end":{"line":104,"column":7}},"type":"if","locations":[{"start":{"line":96,"column":6},"end":{"line":104,"column":7}},{"start":{},"end":{}}],"line":96},"6":{"loc":{"start":{"line":117,"column":6},"end":{"line":123,"column":7}},"type":"if","locations":[{"start":{"line":117,"column":6},"end":{"line":123,"column":7}},{"start":{},"end":{}}],"line":117},"7":{"loc":{"start":{"line":135,"column":25},"end":{"line":135,"column":35}},"type":"default-arg","locations":[{"start":{"line":135,"column":33},"end":{"line":135,"column":35}}],"line":135},"8":{"loc":{"start":{"line":140,"column":6},"end":{"line":142,"column":7}},"type":"if","locations":[{"start":{"line":140,"column":6},"end":{"line":142,"column":7}},{"start":{},"end":{}}],"line":140},"9":{"loc":{"start":{"line":140,"column":10},"end":{"line":140,"column":65}},"type":"binary-expr","locations":[{"start":{"line":140,"column":10},"end":{"line":140,"column":30}},{"start":{"line":140,"column":34},"end":{"line":140,"column":65}}],"line":140},"10":{"loc":{"start":{"line":151,"column":6},"end":{"line":153,"column":7}},"type":"if","locations":[{"start":{"line":151,"column":6},"end":{"line":153,"column":7}},{"start":{},"end":{}}],"line":151},"11":{"loc":{"start":{"line":151,"column":10},"end":{"line":151,"column":35}},"type":"binary-expr","locations":[{"start":{"line":151,"column":10},"end":{"line":151,"column":18}},{"start":{"line":151,"column":22},"end":{"line":151,"column":35}}],"line":151},"12":{"loc":{"start":{"line":167,"column":23},"end":{"line":167,"column":33}},"type":"default-arg","locations":[{"start":{"line":167,"column":31},"end":{"line":167,"column":33}}],"line":167},"13":{"loc":{"start":{"line":172,"column":6},"end":{"line":174,"column":7}},"type":"if","locations":[{"start":{"line":172,"column":6},"end":{"line":174,"column":7}},{"start":{},"end":{}}],"line":172},"14":{"loc":{"start":{"line":172,"column":10},"end":{"line":172,"column":61}},"type":"binary-expr","locations":[{"start":{"line":172,"column":10},"end":{"line":172,"column":28}},{"start":{"line":172,"column":32},"end":{"line":172,"column":61}}],"line":172},"15":{"loc":{"start":{"line":188,"column":6},"end":{"line":190,"column":7}},"type":"if","locations":[{"start":{"line":188,"column":6},"end":{"line":190,"column":7}},{"start":{},"end":{}}],"line":188},"16":{"loc":{"start":{"line":188,"column":10},"end":{"line":188,"column":41}},"type":"binary-expr","locations":[{"start":{"line":188,"column":10},"end":{"line":188,"column":21}},{"start":{"line":188,"column":25},"end":{"line":188,"column":41}}],"line":188},"17":{"loc":{"start":{"line":218,"column":36},"end":{"line":218,"column":46}},"type":"default-arg","locations":[{"start":{"line":218,"column":44},"end":{"line":218,"column":46}}],"line":218},"18":{"loc":{"start":{"line":222,"column":6},"end":{"line":233,"column":7}},"type":"if","locations":[{"start":{"line":222,"column":6},"end":{"line":233,"column":7}},{"start":{},"end":{}}],"line":222},"19":{"loc":{"start":{"line":222,"column":10},"end":{"line":222,"column":49}},"type":"binary-expr","locations":[{"start":{"line":222,"column":10},"end":{"line":222,"column":25}},{"start":{"line":222,"column":29},"end":{"line":222,"column":49}}],"line":222},"20":{"loc":{"start":{"line":226,"column":24},"end":{"line":226,"column":39}},"type":"binary-expr","locations":[{"start":{"line":226,"column":24},"end":{"line":226,"column":34}},{"start":{"line":226,"column":38},"end":{"line":226,"column":39}}],"line":226},"21":{"loc":{"start":{"line":227,"column":17},"end":{"line":229,"column":54}},"type":"cond-expr","locations":[{"start":{"line":228,"column":12},"end":{"line":228,"column":17}},{"start":{"line":229,"column":12},"end":{"line":229,"column":54}}],"line":227}},"s":{"0":1,"1":1,"2":10,"3":10,"4":3,"5":3,"6":0,"7":3,"8":2,"9":2,"10":2,"11":1,"12":1,"13":1,"14":1,"15":0,"16":0,"17":0,"18":0,"19":0,"20":0,"21":0,"22":0,"23":0,"24":0,"25":0,"26":0,"27":1,"28":1,"29":1,"30":1,"31":0,"32":0,"33":0,"34":0,"35":0,"36":0,"37":0,"38":1,"39":1,"40":1,"41":1,"42":0,"43":0,"44":0,"45":0,"46":0,"47":0,"48":0,"49":1,"50":1,"51":1,"52":1,"53":0,"54":0,"55":0,"56":0,"57":0,"58":0,"59":0,"60":1,"61":1,"62":0,"63":0,"64":0,"65":0,"66":0,"67":0,"68":0,"69":0,"70":0,"71":0,"72":0,"73":0,"74":1,"75":1,"76":0,"77":0,"78":1},"f":{"0":10,"1":3,"2":1,"3":0,"4":1,"5":1,"6":1,"7":1,"8":0,"9":0,"10":1},"b":{"0":[3],"1":[0,3],"2":[0],"3":[0],"4":[0],"5":[1,0],"6":[0,0],"7":[0],"8":[1,0],"9":[1,1],"10":[0,0],"11":[0,0],"12":[0],"13":[1,0],"14":[1,1],"15":[0,0],"16":[0,0],"17":[0],"18":[0,0],"19":[0,0],"20":[0,0],"21":[0,0]},"_coverageSchema":"1a1c01bbd47fc00a2c39e90264f33305004495a9","hash":"fa3cbb30e70d556dc1631b76391f052e96a11a9d"}
,"/Users/floriace/FLO_DRAMA/FloDrama/cloudflare/workers/unified-api/anime/services/AnimeApiService.js": {"path":"/Users/floriace/FLO_DRAMA/FloDrama/cloudflare/workers/unified-api/anime/services/AnimeApiService.js","statementMap":{"0":{"start":{"line":1,"column":14},"end":{"line":1,"column":47}},"1":{"start":{"line":2,"column":14},"end":{"line":2,"column":48}},"2":{"start":{"line":9,"column":4},"end":{"line":9,"column":27}},"3":{"start":{"line":10,"column":4},"end":{"line":10,"column":29}},"4":{"start":{"line":11,"column":4},"end":{"line":11,"column":30}},"5":{"start":{"line":23,"column":16},"end":{"line":23,"column":53}},"6":{"start":{"line":24,"column":4},"end":{"line":28,"column":7}},"7":{"start":{"line":25,"column":6},"end":{"line":27,"column":7}},"8":{"start":{"line":26,"column":8},"end":{"line":26,"column":50}},"9":{"start":{"line":30,"column":21},"end":{"line":30,"column":80}},"10":{"start":{"line":33,"column":23},"end":{"line":33,"column":53}},"11":{"start":{"line":34,"column":4},"end":{"line":36,"column":5}},"12":{"start":{"line":35,"column":6},"end":{"line":35,"column":36}},"13":{"start":{"line":39,"column":21},"end":{"line":39,"column":48}},"14":{"start":{"line":42,"column":4},"end":{"line":45,"column":5}},"15":{"start":{"line":43,"column":24},"end":{"line":43,"column":63}},"16":{"start":{"line":43,"column":59},"end":{"line":43,"column":61}},"17":{"start":{"line":44,"column":6},"end":{"line":44,"column":96}},"18":{"start":{"line":48,"column":17},"end":{"line":48,"column":38}},"19":{"start":{"line":51,"column":4},"end":{"line":51,"column":67}},"20":{"start":{"line":53,"column":4},"end":{"line":53,"column":16}},"21":{"start":{"line":62,"column":17},"end":{"line":62,"column":56}},"22":{"start":{"line":64,"column":4},"end":{"line":66,"column":5}},"23":{"start":{"line":65,"column":6},"end":{"line":65,"column":47}},"24":{"start":{"line":68,"column":4},"end":{"line":68,"column":40}},"25":{"start":{"line":77,"column":17},"end":{"line":77,"column":65}},"26":{"start":{"line":78,"column":4},"end":{"line":78,"column":16}},"27":{"start":{"line":87,"column":17},"end":{"line":87,"column":67}},"28":{"start":{"line":88,"column":4},"end":{"line":88,"column":16}},"29":{"start":{"line":98,"column":17},"end":{"line":98,"column":77}},"30":{"start":{"line":99,"column":4},"end":{"line":99,"column":16}},"31":{"start":{"line":108,"column":17},"end":{"line":108,"column":65}},"32":{"start":{"line":110,"column":4},"end":{"line":115,"column":5}},"33":{"start":{"line":111,"column":6},"end":{"line":114,"column":8}},"34":{"start":{"line":113,"column":36},"end":{"line":113,"column":64}},"35":{"start":{"line":117,"column":4},"end":{"line":117,"column":24}},"36":{"start":{"line":125,"column":17},"end":{"line":125,"column":53}},"37":{"start":{"line":127,"column":4},"end":{"line":133,"column":5}},"38":{"start":{"line":128,"column":6},"end":{"line":132,"column":9}},"39":{"start":{"line":129,"column":22},"end":{"line":129,"column":50}},"40":{"start":{"line":130,"column":8},"end":{"line":130,"column":33}},"41":{"start":{"line":131,"column":8},"end":{"line":131,"column":21}},"42":{"start":{"line":135,"column":4},"end":{"line":135,"column":14}},"43":{"start":{"line":143,"column":17},"end":{"line":143,"column":51}},"44":{"start":{"line":145,"column":4},"end":{"line":147,"column":5}},"45":{"start":{"line":146,"column":6},"end":{"line":146,"column":65}},"46":{"start":{"line":146,"column":35},"end":{"line":146,"column":63}},"47":{"start":{"line":149,"column":4},"end":{"line":149,"column":14}},"48":{"start":{"line":157,"column":17},"end":{"line":157,"column":52}},"49":{"start":{"line":159,"column":4},"end":{"line":161,"column":5}},"50":{"start":{"line":160,"column":6},"end":{"line":160,"column":65}},"51":{"start":{"line":160,"column":35},"end":{"line":160,"column":63}},"52":{"start":{"line":163,"column":4},"end":{"line":163,"column":14}},"53":{"start":{"line":172,"column":17},"end":{"line":172,"column":65}},"54":{"start":{"line":174,"column":4},"end":{"line":176,"column":5}},"55":{"start":{"line":175,"column":6},"end":{"line":175,"column":65}},"56":{"start":{"line":175,"column":35},"end":{"line":175,"column":63}},"57":{"start":{"line":178,"column":4},"end":{"line":178,"column":14}},"58":{"start":{"line":182,"column":0},"end":{"line":182,"column":33}}},"fnMap":{"0":{"name":"(anonymous_0)","decl":{"start":{"line":8,"column":2},"end":{"line":8,"column":3}},"loc":{"start":{"line":8,"column":60},"end":{"line":12,"column":3}},"line":8},"1":{"name":"(anonymous_1)","decl":{"start":{"line":21,"column":2},"end":{"line":21,"column":3}},"loc":{"start":{"line":21,"column":62},"end":{"line":54,"column":3}},"line":21},"2":{"name":"(anonymous_2)","decl":{"start":{"line":24,"column":32},"end":{"line":24,"column":33}},"loc":{"start":{"line":24,"column":39},"end":{"line":28,"column":5}},"line":24},"3":{"name":"(anonymous_3)","decl":{"start":{"line":43,"column":52},"end":{"line":43,"column":53}},"loc":{"start":{"line":43,"column":59},"end":{"line":43,"column":61}},"line":43},"4":{"name":"(anonymous_4)","decl":{"start":{"line":61,"column":2},"end":{"line":61,"column":3}},"loc":{"start":{"line":61,"column":21},"end":{"line":69,"column":3}},"line":61},"5":{"name":"(anonymous_5)","decl":{"start":{"line":76,"column":2},"end":{"line":76,"column":3}},"loc":{"start":{"line":76,"column":29},"end":{"line":79,"column":3}},"line":76},"6":{"name":"(anonymous_6)","decl":{"start":{"line":86,"column":2},"end":{"line":86,"column":3}},"loc":{"start":{"line":86,"column":31},"end":{"line":89,"column":3}},"line":86},"7":{"name":"(anonymous_7)","decl":{"start":{"line":97,"column":2},"end":{"line":97,"column":3}},"loc":{"start":{"line":97,"column":39},"end":{"line":100,"column":3}},"line":97},"8":{"name":"(anonymous_8)","decl":{"start":{"line":107,"column":2},"end":{"line":107,"column":3}},"loc":{"start":{"line":107,"column":27},"end":{"line":118,"column":3}},"line":107},"9":{"name":"(anonymous_9)","decl":{"start":{"line":113,"column":28},"end":{"line":113,"column":29}},"loc":{"start":{"line":113,"column":36},"end":{"line":113,"column":64}},"line":113},"10":{"name":"(anonymous_10)","decl":{"start":{"line":124,"column":2},"end":{"line":124,"column":3}},"loc":{"start":{"line":124,"column":27},"end":{"line":136,"column":3}},"line":124},"11":{"name":"(anonymous_11)","decl":{"start":{"line":128,"column":27},"end":{"line":128,"column":28}},"loc":{"start":{"line":128,"column":35},"end":{"line":132,"column":7}},"line":128},"12":{"name":"(anonymous_12)","decl":{"start":{"line":142,"column":2},"end":{"line":142,"column":3}},"loc":{"start":{"line":142,"column":25},"end":{"line":150,"column":3}},"line":142},"13":{"name":"(anonymous_13)","decl":{"start":{"line":146,"column":27},"end":{"line":146,"column":28}},"loc":{"start":{"line":146,"column":35},"end":{"line":146,"column":63}},"line":146},"14":{"name":"(anonymous_14)","decl":{"start":{"line":156,"column":2},"end":{"line":156,"column":3}},"loc":{"start":{"line":156,"column":26},"end":{"line":164,"column":3}},"line":156},"15":{"name":"(anonymous_15)","decl":{"start":{"line":160,"column":27},"end":{"line":160,"column":28}},"loc":{"start":{"line":160,"column":35},"end":{"line":160,"column":63}},"line":160},"16":{"name":"(anonymous_16)","decl":{"start":{"line":171,"column":2},"end":{"line":171,"column":3}},"loc":{"start":{"line":171,"column":37},"end":{"line":179,"column":3}},"line":171},"17":{"name":"(anonymous_17)","decl":{"start":{"line":175,"column":27},"end":{"line":175,"column":28}},"loc":{"start":{"line":175,"column":35},"end":{"line":175,"column":63}},"line":175}},"branchMap":{"0":{"loc":{"start":{"line":8,"column":14},"end":{"line":8,"column":58}},"type":"default-arg","locations":[{"start":{"line":8,"column":24},"end":{"line":8,"column":58}}],"line":8},"1":{"loc":{"start":{"line":21,"column":31},"end":{"line":21,"column":42}},"type":"default-arg","locations":[{"start":{"line":21,"column":40},"end":{"line":21,"column":42}}],"line":21},"2":{"loc":{"start":{"line":21,"column":44},"end":{"line":21,"column":60}},"type":"default-arg","locations":[{"start":{"line":21,"column":55},"end":{"line":21,"column":60}}],"line":21},"3":{"loc":{"start":{"line":25,"column":6},"end":{"line":27,"column":7}},"type":"if","locations":[{"start":{"line":25,"column":6},"end":{"line":27,"column":7}},{"start":{},"end":{}}],"line":25},"4":{"loc":{"start":{"line":25,"column":10},"end":{"line":25,"column":59}},"type":"binary-expr","locations":[{"start":{"line":25,"column":10},"end":{"line":25,"column":35}},{"start":{"line":25,"column":39},"end":{"line":25,"column":59}}],"line":25},"5":{"loc":{"start":{"line":34,"column":4},"end":{"line":36,"column":5}},"type":"if","locations":[{"start":{"line":34,"column":4},"end":{"line":36,"column":5}},{"start":{},"end":{}}],"line":34},"6":{"loc":{"start":{"line":42,"column":4},"end":{"line":45,"column":5}},"type":"if","locations":[{"start":{"line":42,"column":4},"end":{"line":45,"column":5}},{"start":{},"end":{}}],"line":42},"7":{"loc":{"start":{"line":44,"column":22},"end":{"line":44,"column":94}},"type":"binary-expr","locations":[{"start":{"line":44,"column":22},"end":{"line":44,"column":39}},{"start":{"line":44,"column":43},"end":{"line":44,"column":94}}],"line":44},"8":{"loc":{"start":{"line":64,"column":4},"end":{"line":66,"column":5}},"type":"if","locations":[{"start":{"line":64,"column":4},"end":{"line":66,"column":5}},{"start":{},"end":{}}],"line":64},"9":{"loc":{"start":{"line":64,"column":8},"end":{"line":64,"column":41}},"type":"binary-expr","locations":[{"start":{"line":64,"column":8},"end":{"line":64,"column":12}},{"start":{"line":64,"column":16},"end":{"line":64,"column":28}},{"start":{"line":64,"column":32},"end":{"line":64,"column":41}}],"line":64},"10":{"loc":{"start":{"line":110,"column":4},"end":{"line":115,"column":5}},"type":"if","locations":[{"start":{"line":110,"column":4},"end":{"line":115,"column":5}},{"start":{},"end":{}}],"line":110},"11":{"loc":{"start":{"line":110,"column":8},"end":{"line":110,"column":41}},"type":"binary-expr","locations":[{"start":{"line":110,"column":8},"end":{"line":110,"column":12}},{"start":{"line":110,"column":16},"end":{"line":110,"column":28}},{"start":{"line":110,"column":32},"end":{"line":110,"column":41}}],"line":110},"12":{"loc":{"start":{"line":127,"column":4},"end":{"line":133,"column":5}},"type":"if","locations":[{"start":{"line":127,"column":4},"end":{"line":133,"column":5}},{"start":{},"end":{}}],"line":127},"13":{"loc":{"start":{"line":127,"column":8},"end":{"line":127,"column":41}},"type":"binary-expr","locations":[{"start":{"line":127,"column":8},"end":{"line":127,"column":12}},{"start":{"line":127,"column":16},"end":{"line":127,"column":28}},{"start":{"line":127,"column":32},"end":{"line":127,"column":41}}],"line":127},"14":{"loc":{"start":{"line":145,"column":4},"end":{"line":147,"column":5}},"type":"if","locations":[{"start":{"line":145,"column":4},"end":{"line":147,"column":5}},{"start":{},"end":{}}],"line":145},"15":{"loc":{"start":{"line":145,"column":8},"end":{"line":145,"column":41}},"type":"binary-expr","locations":[{"start":{"line":145,"column":8},"end":{"line":145,"column":12}},{"start":{"line":145,"column":16},"end":{"line":145,"column":28}},{"start":{"line":145,"column":32},"end":{"line":145,"column":41}}],"line":145},"16":{"loc":{"start":{"line":159,"column":4},"end":{"line":161,"column":5}},"type":"if","locations":[{"start":{"line":159,"column":4},"end":{"line":161,"column":5}},{"start":{},"end":{}}],"line":159},"17":{"loc":{"start":{"line":159,"column":8},"end":{"line":159,"column":41}},"type":"binary-expr","locations":[{"start":{"line":159,"column":8},"end":{"line":159,"column":12}},{"start":{"line":159,"column":16},"end":{"line":159,"column":28}},{"start":{"line":159,"column":32},"end":{"line":159,"column":41}}],"line":159},"18":{"loc":{"start":{"line":174,"column":4},"end":{"line":176,"column":5}},"type":"if","locations":[{"start":{"line":174,"column":4},"end":{"line":176,"column":5}},{"start":{},"end":{}}],"line":174},"19":{"loc":{"start":{"line":174,"column":8},"end":{"line":174,"column":41}},"type":"binary-expr","locations":[{"start":{"line":174,"column":8},"end":{"line":174,"column":12}},{"start":{"line":174,"column":16},"end":{"line":174,"column":28}},{"start":{"line":174,"column":32},"end":{"line":174,"column":41}}],"line":174}},"s":{"0":1,"1":1,"2":0,"3":0,"4":0,"5":0,"6":0,"7":0,"8":0,"9":0,"10":0,"11":0,"12":0,"13":0,"14":0,"15":0,"16":0,"17":0,"18":0,"19":0,"20":0,"21":0,"22":0,"23":0,"24":0,"25":0,"26":0,"27":0,"28":0,"29":0,"30":0,"31":0,"32":0,"33":0,"34":0,"35":0,"36":0,"37":0,"38":0,"39":0,"40":0,"41":0,"42":0,"43":0,"44":0,"45":0,"46":0,"47":0,"48":0,"49":0,"50":0,"51":0,"52":0,"53":0,"54":0,"55":0,"56":0,"57":0,"58":1},"f":{"0":0,"1":0,"2":0,"3":0,"4":0,"5":0,"6":0,"7":0,"8":0,"9":0,"10":0,"11":0,"12":0,"13":0,"14":0,"15":0,"16":0,"17":0},"b":{"0":[0],"1":[0],"2":[0],"3":[0,0],"4":[0,0],"5":[0,0],"6":[0,0],"7":[0,0],"8":[0,0],"9":[0,0,0],"10":[0,0],"11":[0,0,0],"12":[0,0],"13":[0,0,0],"14":[0,0],"15":[0,0,0],"16":[0,0],"17":[0,0,0],"18":[0,0],"19":[0,0,0]},"_coverageSchema":"1a1c01bbd47fc00a2c39e90264f33305004495a9","hash":"66ae5b20a0a7e8b5c436b18ccc5dad77dfd12cf4"}
,"/Users/floriace/FLO_DRAMA/FloDrama/cloudflare/workers/unified-api/anime/services/AnimechanService.js": {"path":"/Users/floriace/FLO_DRAMA/FloDrama/cloudflare/workers/unified-api/anime/services/AnimechanService.js","statementMap":{"0":{"start":{"line":1,"column":14},"end":{"line":1,"column":47}},"1":{"start":{"line":8,"column":4},"end":{"line":8,"column":27}},"2":{"start":{"line":9,"column":4},"end":{"line":9,"column":29}},"3":{"start":{"line":10,"column":4},"end":{"line":10,"column":30}},"4":{"start":{"line":22,"column":16},"end":{"line":22,"column":53}},"5":{"start":{"line":23,"column":4},"end":{"line":27,"column":7}},"6":{"start":{"line":24,"column":6},"end":{"line":26,"column":7}},"7":{"start":{"line":25,"column":8},"end":{"line":25,"column":50}},"8":{"start":{"line":29,"column":21},"end":{"line":29,"column":84}},"9":{"start":{"line":32,"column":23},"end":{"line":32,"column":53}},"10":{"start":{"line":33,"column":4},"end":{"line":35,"column":5}},"11":{"start":{"line":34,"column":6},"end":{"line":34,"column":36}},"12":{"start":{"line":38,"column":21},"end":{"line":38,"column":48}},"13":{"start":{"line":41,"column":4},"end":{"line":44,"column":5}},"14":{"start":{"line":42,"column":24},"end":{"line":42,"column":63}},"15":{"start":{"line":42,"column":59},"end":{"line":42,"column":61}},"16":{"start":{"line":43,"column":6},"end":{"line":43,"column":96}},"17":{"start":{"line":47,"column":17},"end":{"line":47,"column":38}},"18":{"start":{"line":50,"column":4},"end":{"line":50,"column":67}},"19":{"start":{"line":52,"column":4},"end":{"line":52,"column":16}},"20":{"start":{"line":60,"column":4},"end":{"line":60,"column":46}},"21":{"start":{"line":70,"column":22},"end":{"line":70,"column":54}},"22":{"start":{"line":71,"column":4},"end":{"line":71,"column":59}},"23":{"start":{"line":80,"column":4},"end":{"line":80,"column":70}},"24":{"start":{"line":90,"column":4},"end":{"line":90,"column":76}},"25":{"start":{"line":99,"column":4},"end":{"line":99,"column":77}},"26":{"start":{"line":109,"column":4},"end":{"line":109,"column":83}},"27":{"start":{"line":113,"column":0},"end":{"line":113,"column":34}}},"fnMap":{"0":{"name":"(anonymous_0)","decl":{"start":{"line":7,"column":2},"end":{"line":7,"column":3}},"loc":{"start":{"line":7,"column":53},"end":{"line":11,"column":3}},"line":7},"1":{"name":"(anonymous_1)","decl":{"start":{"line":20,"column":2},"end":{"line":20,"column":3}},"loc":{"start":{"line":20,"column":62},"end":{"line":53,"column":3}},"line":20},"2":{"name":"(anonymous_2)","decl":{"start":{"line":23,"column":32},"end":{"line":23,"column":33}},"loc":{"start":{"line":23,"column":39},"end":{"line":27,"column":5}},"line":23},"3":{"name":"(anonymous_3)","decl":{"start":{"line":42,"column":52},"end":{"line":42,"column":53}},"loc":{"start":{"line":42,"column":59},"end":{"line":42,"column":61}},"line":42},"4":{"name":"(anonymous_4)","decl":{"start":{"line":59,"column":2},"end":{"line":59,"column":3}},"loc":{"start":{"line":59,"column":25},"end":{"line":61,"column":3}},"line":59},"5":{"name":"(anonymous_5)","decl":{"start":{"line":68,"column":2},"end":{"line":68,"column":3}},"loc":{"start":{"line":68,"column":36},"end":{"line":72,"column":3}},"line":68},"6":{"name":"(anonymous_6)","decl":{"start":{"line":79,"column":2},"end":{"line":79,"column":3}},"loc":{"start":{"line":79,"column":31},"end":{"line":81,"column":3}},"line":79},"7":{"name":"(anonymous_7)","decl":{"start":{"line":89,"column":2},"end":{"line":89,"column":3}},"loc":{"start":{"line":89,"column":42},"end":{"line":91,"column":3}},"line":89},"8":{"name":"(anonymous_8)","decl":{"start":{"line":98,"column":2},"end":{"line":98,"column":3}},"loc":{"start":{"line":98,"column":39},"end":{"line":100,"column":3}},"line":98},"9":{"name":"(anonymous_9)","decl":{"start":{"line":108,"column":2},"end":{"line":108,"column":3}},"loc":{"start":{"line":108,"column":50},"end":{"line":110,"column":3}},"line":108}},"branchMap":{"0":{"loc":{"start":{"line":7,"column":14},"end":{"line":7,"column":51}},"type":"default-arg","locations":[{"start":{"line":7,"column":24},"end":{"line":7,"column":51}}],"line":7},"1":{"loc":{"start":{"line":20,"column":31},"end":{"line":20,"column":42}},"type":"default-arg","locations":[{"start":{"line":20,"column":40},"end":{"line":20,"column":42}}],"line":20},"2":{"loc":{"start":{"line":20,"column":44},"end":{"line":20,"column":60}},"type":"default-arg","locations":[{"start":{"line":20,"column":55},"end":{"line":20,"column":60}}],"line":20},"3":{"loc":{"start":{"line":24,"column":6},"end":{"line":26,"column":7}},"type":"if","locations":[{"start":{"line":24,"column":6},"end":{"line":26,"column":7}},{"start":{},"end":{}}],"line":24},"4":{"loc":{"start":{"line":24,"column":10},"end":{"line":24,"column":59}},"type":"binary-expr","locations":[{"start":{"line":24,"column":10},"end":{"line":24,"column":35}},{"start":{"line":24,"column":39},"end":{"line":24,"column":59}}],"line":24},"5":{"loc":{"start":{"line":33,"column":4},"end":{"line":35,"column":5}},"type":"if","locations":[{"start":{"line":33,"column":4},"end":{"line":35,"column":5}},{"start":{},"end":{}}],"line":33},"6":{"loc":{"start":{"line":41,"column":4},"end":{"line":44,"column":5}},"type":"if","locations":[{"start":{"line":41,"column":4},"end":{"line":44,"column":5}},{"start":{},"end":{}}],"line":41},"7":{"loc":{"start":{"line":43,"column":22},"end":{"line":43,"column":94}},"type":"binary-expr","locations":[{"start":{"line":43,"column":22},"end":{"line":43,"column":39}},{"start":{"line":43,"column":43},"end":{"line":43,"column":94}}],"line":43},"8":{"loc":{"start":{"line":68,"column":24},"end":{"line":68,"column":34}},"type":"default-arg","locations":[{"start":{"line":68,"column":32},"end":{"line":68,"column":34}}],"line":68},"9":{"loc":{"start":{"line":89,"column":32},"end":{"line":89,"column":40}},"type":"default-arg","locations":[{"start":{"line":89,"column":39},"end":{"line":89,"column":40}}],"line":89},"10":{"loc":{"start":{"line":108,"column":40},"end":{"line":108,"column":48}},"type":"default-arg","locations":[{"start":{"line":108,"column":47},"end":{"line":108,"column":48}}],"line":108}},"s":{"0":0,"1":0,"2":0,"3":0,"4":0,"5":0,"6":0,"7":0,"8":0,"9":0,"10":0,"11":0,"12":0,"13":0,"14":0,"15":0,"16":0,"17":0,"18":0,"19":0,"20":0,"21":0,"22":0,"23":0,"24":0,"25":0,"26":0,"27":0},"f":{"0":0,"1":0,"2":0,"3":0,"4":0,"5":0,"6":0,"7":0,"8":0,"9":0},"b":{"0":[0],"1":[0],"2":[0],"3":[0,0],"4":[0,0],"5":[0,0],"6":[0,0],"7":[0,0],"8":[0],"9":[0],"10":[0]}}
[...]
:32,"column":6},"end":{"line":34,"column":7}},{"start":{},"end":{}}],"line":32},"4":{"loc":{"start":{"line":32,"column":10},"end":{"line":32,"column":54}},"type":"binary-expr","locations":[{"start":{"line":32,"column":10},"end":{"line":32,"column":32}},{"start":{"line":32,"column":36},"end":{"line":32,"column":54}}],"line":32},"5":{"loc":{"start":{"line":50,"column":6},"end":{"line":52,"column":7}},"type":"if","locations":[{"start":{"line":50,"column":6},"end":{"line":52,"column":7}},{"start":{},"end":{}}],"line":50},"6":{"loc":{"start":{"line":50,"column":10},"end":{"line":50,"column":60}},"type":"binary-expr","locations":[{"start":{"line":50,"column":10},"end":{"line":50,"column":35}},{"start":{"line":50,"column":39},"end":{"line":50,"column":60}}],"line":50},"7":{"loc":{"start":{"line":58,"column":6},"end":{"line":60,"column":7}},"type":"if","locations":[{"start":{"line":58,"column":6},"end":{"line":60,"column":7}},{"start":{},"end":{}}],"line":58},"8":{"loc":{"start":{"line":58,"column":10},"end":{"line":58,"column":54}},"type":"binary-expr","locations":[{"start":{"line":58,"column":10},"end":{"line":58,"column":32}},{"start":{"line":58,"column":36},"end":{"line":58,"column":54}}],"line":58},"9":{"loc":{"start":{"line":75,"column":6},"end":{"line":77,"column":7}},"type":"if","locations":[{"start":{"line":75,"column":6},"end":{"line":77,"column":7}},{"start":{},"end":{}}],"line":75},"10":{"loc":{"start":{"line":83,"column":6},"end":{"line":85,"column":7}},"type":"if","locations":[{"start":{"line":83,"column":6},"end":{"line":85,"column":7}},{"start":{},"end":{}}],"line":83}},"s":{"0":0,"1":0,"2":0,"3":0,"4":0,"5":0,"6":0,"7":0,"8":0,"9":0,"10":0,"11":0,"12":0,"13":0,"14":0,"15":0,"16":0,"17":0,"18":0,"19":0,"20":0,"21":0,"22":0,"23":0,"24":0,"25":0,"26":0,"27":0,"28":0,"29":0,"30":0,"31":0,"32":0,"33":0,"34":0,"35":0,"36":0,"37":0},"f":{"0":0,"1":0,"2":0,"3":0},"b":{"0":[0],"1":[0,0],"2":[0,0],"3":[0,0],"4":[0,0],"5":[0,0],"6":[0,0],"7":[0,0],"8":[0,0],"9":[0,0],"10":[0,0]}}
,"/Users/floriace/FLO_DRAMA/FloDrama/cloudflare/workers/unified-api/film/services/FilmApiService.js": {"path":"/Users/floriace/FLO_DRAMA/FloDrama/cloudflare/workers/unified-api/film/services/FilmApiService.js","statementMap":{"0":{"start":{"line":7,"column":4},"end":{"line":7,"column":27}},"1":{"start":{"line":8,"column":4},"end":{"line":8,"column":89}},"2":{"start":{"line":12,"column":4},"end":{"line":21,"column":5}},"3":{"start":{"line":13,"column":18},"end":{"line":13,"column":94}},"4":{"start":{"line":14,"column":19},"end":{"line":14,"column":35}},"5":{"start":{"line":15,"column":19},"end":{"line":15,"column":36}},"6":{"start":{"line":16,"column":6},"end":{"line":18,"column":7}},"7":{"start":{"line":17,"column":8},"end":{"line":17,"column":44}},"8":{"start":{"line":20,"column":6},"end":{"line":20,"column":77}},"9":{"start":{"line":22,"column":4},"end":{"line":22,"column":14}},"10":{"start":{"line":26,"column":14},"end":{"line":26,"column":28}},"11":{"start":{"line":27,"column":4},"end":{"line":36,"column":5}},"12":{"start":{"line":28,"column":18},"end":{"line":28,"column":124}},"13":{"start":{"line":29,"column":19},"end":{"line":29,"column":35}},"14":{"start":{"line":30,"column":19},"end":{"line":30,"column":36}},"15":{"start":{"line":31,"column":6},"end":{"line":33,"column":7}},"16":{"start":{"line":32,"column":8},"end":{"line":32,"column":28}},"17":{"start":{"line":35,"column":6},"end":{"line":35,"column":73}},"18":{"start":{"line":37,"column":4},"end":{"line":37,"column":14}},"19":{"start":{"line":41,"column":4},"end":{"line":49,"column":5}},"20":{"start":{"line":42,"column":18},"end":{"line":42,"column":85}},"21":{"start":{"line":43,"column":19},"end":{"line":43,"column":35}},"22":{"start":{"line":44,"column":6},"end":{"line":46,"column":7}},"23":{"start":{"line":45,"column":8},"end":{"line":45,"column":33}},"24":{"start":{"line":48,"column":6},"end":{"line":48,"column":73}},"25":{"start":{"line":50,"column":4},"end":{"line":50,"column":16}},"26":{"start":{"line":54,"column":0},"end":{"line":54,"column":32}}},"fnMap":{"0":{"name":"(anonymous_0)","decl":{"start":{"line":6,"column":2},"end":{"line":6,"column":3}},"loc":{"start":{"line":6,"column":56},"end":{"line":9,"column":3}},"line":6},"1":{"name":"(anonymous_1)","decl":{"start":{"line":11,"column":2},"end":{"line":11,"column":3}},"loc":{"start":{"line":11,"column":36},"end":{"line":23,"column":3}},"line":11},"2":{"name":"(anonymous_2)","decl":{"start":{"line":25,"column":2},"end":{"line":25,"column":3}},"loc":{"start":{"line":25,"column":28},"end":{"line":38,"column":3}},"line":25},"3":{"name":"(anonymous_3)","decl":{"start":{"line":40,"column":2},"end":{"line":40,"column":3}},"loc":{"start":{"line":40,"column":24},"end":{"line":51,"column":3}},"line":40}},"branchMap":{"0":{"loc":{"start":{"line":6,"column":14},"end":{"line":6,"column":54}},"type":"default-arg","locations":[{"start":{"line":6,"column":24},"end":{"line":6,"column":54}}],"line":6},"1":{"loc":{"start":{"line":8,"column":18},"end":{"line":8,"column":88}},"type":"cond-expr","locations":[{"start":{"line":8,"column":67},"end":{"line":8,"column":83}},{"start":{"line":8,"column":86},"end":{"line":8,"column":88}}],"line":8},"2":{"loc":{"start":{"line":8,"column":18},"end":{"line":8,"column":64}},"type":"binary-expr","locations":[{"start":{"line":8,"column":18},"end":{"line":8,"column":44}},{"start":{"line":8,"column":48},"end":{"line":8,"column":64}}],"line":8},"3":{"loc":{"start":{"line":11,"column":24},"end":{"line":11,"column":34}},"type":"default-arg","locations":[{"start":{"line":11,"column":32},"end":{"line":11,"column":34}}],"line":11},"4":{"loc":{"start":{"line":16,"column":6},"end":{"line":18,"column":7}},"type":"if","locations":[{"start":{"line":16,"column":6},"end":{"line":18,"column":7}},{"start":{},"end":{}}],"line":16},"5":{"loc":{"start":{"line":16,"column":10},"end":{"line":16,"column":30}},"type":"binary-expr","locations":[{"start":{"line":16,"column":10},"end":{"line":16,"column":14}},{"start":{"line":16,"column":18},"end":{"line":16,"column":30}}],"line":16},"6":{"loc":{"start":{"line":26,"column":14},"end":{"line":26,"column":28}},"type":"binary-expr","locations":[{"start":{"line":26,"column":14},"end":{"line":26,"column":22}},{"start":{"line":26,"column":26},"end":{"line":26,"column":28}}],"line":26},"7":{"loc":{"start":{"line":31,"column":6},"end":{"line":33,"column":7}},"type":"if","locations":[{"start":{"line":31,"column":6},"end":{"line":33,"column":7}},{"start":{},"end":{}}],"line":31},"8":{"loc":{"start":{"line":31,"column":10},"end":{"line":31,"column":30}},"type":"binary-expr","locations":[{"start":{"line":31,"column":10},"end":{"line":31,"column":14}},{"start":{"line":31,"column":18},"end":{"line":31,"column":30}}],"line":31},"9":{"loc":{"start":{"line":44,"column":6},"end":{"line":46,"column":7}},"type":"if","locations":[{"start":{"line":44,"column":6},"end":{"line":46,"column":7}},{"start":{},"end":{}}],"line":44}},"s":{"0":0,"1":0,"2":0,"3":0,"4":0,"5":0,"6":0,"7":0,"8":0,"9":0,"10":0,"11":0,"12":0,"13":0,"14":0,"15":0,"16":0,"17":0,"18":0,"19":0,"20":0,"21":0,"22":0,"23":0,"24":0,"25":0,"26":0},"f":{"0":0,"1":0,"2":0,"3":0},"b":{"0":[0],"1":[0,0],"2":[0,0],"3":[0],"4":[0,0],"5":[0,0],"6":[0,0],"7":[0,0],"8":[0,0],"9":[0,0]}}
,"/Users/floriace/FLO_DRAMA/FloDrama/cloudflare/workers/unified-api/film/services/FilmScraperService.js": {"path":"/Users/floriace/FLO_DRAMA/FloDrama/cloudflare/workers/unified-api/film/services/FilmScraperService.js","statementMap":{"0":{"start":{"line":1,"column":14},"end":{"line":1,"column":47}},"1":{"start":{"line":11,"column":4},"end":{"line":11,"column":97}},"2":{"start":{"line":12,"column":4},"end":{"line":12,"column":29}},"3":{"start":{"line":15,"column":4},"end":{"line":15,"column":24}},"4":{"start":{"line":16,"column":4},"end":{"line":16,"column":27}},"5":{"start":{"line":17,"column":4},"end":{"line":17,"column":32}},"6":{"start":{"line":29,"column":16},"end":{"line":29,"column":31}},"7":{"start":{"line":31,"column":4},"end":{"line":50,"column":5}},"8":{"start":{"line":31,"column":23},"end":{"line":31,"column":24}},"9":{"start":{"line":32,"column":6},"end":{"line":49,"column":7}},"10":{"start":{"line":33,"column":8},"end":{"line":33,"column":33}},"11":{"start":{"line":35,"column":8},"end":{"line":35,"column":26}},"12":{"start":{"line":38,"column":8},"end":{"line":41,"column":9}},"13":{"start":{"line":39,"column":10},"end":{"line":39,"column":130}},"14":{"start":{"line":40,"column":10},"end":{"line":40,"column":22}},"15":{"start":{"line":44,"column":8},"end":{"line":44,"column":172}},"16":{"start":{"line":47,"column":8},"end":{"line":47,"column":65}},"17":{"start":{"line":47,"column":37},"end":{"line":47,"column":63}},"18":{"start":{"line":48,"column":8},"end":{"line":48,"column":41}},"19":{"start":{"line":53,"column":4},"end":{"line":53,"column":20}},"20":{"start":{"line":62,"column":4},"end":{"line":99,"column":5}},"21":{"start":{"line":64,"column":23},"end":{"line":64,"column":55}},"22":{"start":{"line":67,"column":25},"end":{"line":67,"column":55}},"23":{"start":{"line":68,"column":6},"end":{"line":70,"column":7}},"24":{"start":{"line":69,"column":8},"end":{"line":69,"column":38}},"25":{"start":{"line":73,"column":32},"end":{"line":82,"column":7}},"26":{"start":{"line":74,"column":25},"end":{"line":74,"column":86}},"27":{"start":{"line":76,"column":8},"end":{"line":78,"column":9}},"28":{"start":{"line":77,"column":10},"end":{"line":77,"column":84}},"29":{"start":{"line":80,"column":21},"end":{"line":80,"column":42}},"30":{"start":{"line":81,"column":8},"end":{"line":81,"column":57}},"31":{"start":{"line":85,"column":22},"end":{"line":88,"column":7}},"32":{"start":{"line":91,"column":6},"end":{"line":93,"column":7}},"33":{"start":{"line":92,"column":8},"end":{"line":92,"column":71}},"34":{"start":{"line":95,"column":6},"end":{"line":95,"column":21}},"35":{"start":{"line":97,"column":6},"end":{"line":97,"column":88}},"36":{"start":{"line":98,"column":6},"end":{"line":98,"column":16}},"37":{"start":{"line":108,"column":4},"end":{"line":150,"column":5}},"38":{"start":{"line":109,"column":20},"end":{"line":109,"column":34}},"39":{"start":{"line":110,"column":6},"end":{"line":112,"column":7}},"40":{"start":{"line":111,"column":8},"end":{"line":111,"column":18}},"41":{"start":{"line":115,"column":23},"end":{"line":115,"column":95}},"42":{"start":{"line":118,"column":25},"end":{"line":118,"column":55}},"43":{"start":{"line":119,"column":6},"end":{"line":121,"column":7}},"44":{"start":{"line":120,"column":8},"end":{"line":120,"column":38}},"45":{"start":{"line":124,"column":33},"end":{"line":133,"column":7}},"46":{"start":{"line":125,"column":25},"end":{"line":125,"column":101}},"47":{"start":{"line":127,"column":8},"end":{"line":129,"column":9}},"48":{"start":{"line":128,"column":10},"end":{"line":128,"column":84}},"49":{"start":{"line":131,"column":21},"end":{"line":131,"column":42}},"50":{"start":{"line":132,"column":8},"end":{"line":132,"column":57}},"51":{"start":{"line":136,"column":22},"end":{"line":139,"column":7}},"52":{"start":{"line":142,"column":6},"end":{"line":144,"column":7}},"53":{"start":{"line":143,"column":8},"end":{"line":143,"column":71}},"54":{"start":{"line":146,"column":6},"end":{"line":146,"column":21}},"55":{"start":{"line":148,"column":6},"end":{"line":148,"column":87}},"56":{"start":{"line":149,"column":6},"end":{"line":149,"column":16}},"57":{"start":{"line":159,"column":4},"end":{"line":219,"column":5}},"58":{"start":{"line":160,"column":6},"end":{"line":162,"column":7}},"59":{"start":{"line":161,"column":8},"end":{"line":161,"column":20}},"60":{"start":{"line":165,"column":23},"end":{"line":165,"column":43}},"61":{"start":{"line":168,"column":25},"end":{"line":168,"column":55}},"62":{"start":{"line":169,"column":6},"end":{"line":171,"column":7}},"63":{"start":{"line":170,"column":8},"end":{"line":170,"column":38}},"64":{"start":{"line":174,"column":31},"end":{"line":188,"column":7}},"65":{"start":{"line":175,"column":25},"end":{"line":175,"column":69}},"66":{"start":{"line":178,"column":8},"end":{"line":181,"column":9}},"67":{"start":{"line":180,"column":10},"end":{"line":180,"column":37}},"68":{"start":{"line":183,"column":8},"end":{"line":185,"column":9}},"69":{"start":{"line":184,"column":10},"end":{"line":184,"column":84}},"70":{"start":{"line":187,"column":8},"end":{"line":187,"column":37}},"71":{"start":{"line":192,"column":6},"end":{"line":208,"column":7}},"72":{"start":{"line":193,"column":8},"end":{"line":196,"column":10}},"73":{"start":{"line":199,"column":8},"end":{"line":201,"column":9}},"74":{"start":{"line":200,"column":10},"end":{"line":200,"column":22}},"75":{"start":{"line":204,"column":8},"end":{"line":206,"column":9}},"76":{"start":{"line":205,"column":10},"end":{"line":205,"column":116}},"77":{"start":{"line":207,"column":8},"end":{"line":207,"column":20}},"78":{"start":{"line":211,"column":6},"end":{"line":213,"column":7}},"79":{"start":{"line":212,"column":8},"end":{"line":212,"column":68}},"80":{"start":{"line":215,"column":6},"end":{"line":215,"column":18}},"81":{"start":{"line":217,"column":6},"end":{"line":217,"column":84}},"82":{"start":{"line":218,"column":6},"end":{"line":218,"column":18}},"83":{"start":{"line":223,"column":0},"end":{"line":223,"column":36}}},"fnMap":{"0":{"name":"(anonymous_0)","decl":{"start":{"line":9,"column":2},"end":{"line":9,"column":3}},"loc":{"start":{"line":9,"column":16},"end":{"line":18,"column":3}},"line":9},"1":{"name":"(anonymous_1)","decl":{"start":{"line":27,"column":2},"end":{"line":27,"column":3}},"loc":{"start":{"line":27,"column":48},"end":{"line":54,"column":3}},"line":27},"2":{"name":"(anonymous_2)","decl":{"start":{"line":47,"column":26},"end":{"line":47,"column":27}},"loc":{"start":{"line":47,"column":37},"end":{"line":47,"column":63}},"line":47},"3":{"name":"(anonymous_3)","decl":{"start":{"line":61,"column":2},"end":{"line":61,"column":3}},"loc":{"start":{"line":61,"column":39},"end":{"line":100,"column":3}},"line":61},"4":{"name":"(anonymous_4)","decl":{"start":{"line":73,"column":32},"end":{"line":73,"column":33}},"loc":{"start":{"line":73,"column":44},"end":{"line":82,"column":7}},"line":73},"5":{"name":"(anonymous_5)","decl":{"start":{"line":107,"column":2},"end":{"line":107,"column":3}},"loc":{"start":{"line":107,"column":34},"end":{"line":151,"column":3}},"line":107},"6":{"name":"(anonymous_6)","decl":{"start":{"line":124,"column":33},"end":{"line":124,"column":34}},"loc":{"start":{"line":124,"column":45},"end":{"line":133,"column":7}},"line":124},"7":{"name":"(anonymous_7)","decl":{"start":{"line":158,"column":2},"end":{"line":158,"column":3}},"loc":{"start":{"line":158,"column":27},"end":{"line":220,"column":3}},"line":158},"8":{"name":"(anonymous_8)","decl":{"start":{"line":174,"column":31},"end":{"line":174,"column":32}},"loc":{"start":{"line":174,"column":43},"end":{"line":188,"column":7}},"line":174}},"branchMap":{"0":{"loc":{"start":{"line":38,"column":8},"end":{"line":41,"column":9}},"type":"if","locations":[{"start":{"line":38,"column":8},"end":{"line":41,"column":9}},{"start":{},"end":{}}],"line":38},"1":{"loc":{"start":{"line":61,"column":27},"end":{"line":61,"column":37}},"type":"default-arg","locations":[{"start":{"line":61,"column":35},"end":{"line":61,"column":37}}],"line":61},"2":{"loc":{"start":{"line":68,"column":6},"end":{"line":70,"column":7}},"type":"if","locations":[{"start":{"line":68,"column":6},"end":{"line":70,"column":7}},{"start":{},"end":{}}],"line":68},"3":{"loc":{"start":{"line":76,"column":8},"end":{"line":78,"column":9}},"type":"if","locations":[{"start":{"line":76,"column":8},"end":{"line":78,"column":9}},{"start":{},"end":{}}],"line":76},"4":{"loc":{"start":{"line":81,"column":15},"end":{"line":81,"column":56}},"type":"cond-expr","locations":[{"start":{"line":81,"column":42},"end":{"line":81,"column":51}},{"start":{"line":81,"column":54},"end":{"line":81,"column":56}}],"line":81},"5":{"loc":{"start":{"line":91,"column":6},"end":{"line":93,"column":7}},"type":"if","locations":[{"start":{"line":91,"column":6},"end":{"line":93,"column":7}},{"start":{},"end":{}}],"line":91},"6":{"loc":{"start":{"line":109,"column":20},"end":{"line":109,"column":34}},"type":"binary-expr","locations":[{"start":{"line":109,"column":20},"end":{"line":109,"column":28}},{"start":{"line":109,"column":32},"end":{"line":109,"column":34}}],"line":109},"7":{"loc":{"start":{"line":110,"column":6},"end":{"line":112,"column":7}},"type":"if","locations":[{"start":{"line":110,"column":6},"end":{"line":112,"column":7}},{"start":{},"end":{}}],"line":110},"8":{"loc":{"start":{"line":119,"column":6},"end":{"line":121,"column":7}},"type":"if","locations":[{"start":{"line":119,"column":6},"end":{"line":121,"column":7}},{"start":{},"end":{}}],"line":119},"9":{"loc":{"start":{"line":127,"column":8},"end":{"line":129,"column":9}},"type":"if","locations":[{"start":{"line":127,"column":8},"end":{"line":129,"column":9}},{"start":{},"end":{}}],"line":127},"10":{"loc":{"start":{"line":132,"column":15},"end":{"line":132,"column":56}},"type":"cond-expr","locations":[{"start":{"line":132,"column":42},"end":{"line":132,"column":51}},{"start":{"line":132,"column":54},"end":{"line":132,"column":56}}],"line":132},"11":{"loc":{"start":{"line":142,"column":6},"end":{"line":144,"column":7}},"type":"if","locations":[{"start":{"line":142,"column":6},"end":{"line":144,"column":7}},{"start":{},"end":{}}],"line":142},"12":{"loc":{"start":{"line":160,"column":6},"end":{"line":162,"column":7}},"type":"if","locations":[{"start":{"line":160,"column":6},"end":{"line":162,"column":7}},{"start":{},"end":{}}],"line":160},"13":{"loc":{"start":{"line":169,"column":6},"end":{"line":171,"column":7}},"type":"if","locations":[{"start":{"line":169,"column":6},"end":{"line":171,"column":7}},{"start":{},"end":{}}],"line":169},"14":{"loc":{"start":{"line":178,"column":8},"end":{"line":181,"column":9}},"type":"if","locations":[{"start":{"line":178,"column":8},"end":{"line":181,"column":9}},{"start":{},"end":{}}],"line":178},"15":{"loc":{"start":{"line":183,"column":8},"end":{"line":185,"column":9}},"type":"if","locations":[{"start":{"line":183,"column":8},"end":{"line":185,"column":9}},{"start":{},"end":{}}],"line":183},"16":{"loc":{"start":{"line":199,"column":8},"end":{"line":201,"column":9}},"type":"if","locations":[{"start":{"line":199,"column":8},"end":{"line":201,"column":9}},{"start":{},"end":{}}],"line":199},"17":{"loc":{"start":{"line":199,"column":12},"end":{"line":199,"column":34}},"type":"binary-expr","locations":[{"start":{"line":199,"column":12},"end":{"line":199,"column":16}},{"start":{"line":199,"column":20},"end":{"line":199,"column":34}}],"line":199},"18":{"loc":{"start":{"line":204,"column":8},"end":{"line":206,"column":9}},"type":"if","locations":[{"start":{"line":204,"column":8},"end":{"line":206,"column":9}},{"start":{},"end":{}}],"line":204},"19":{"loc":{"start":{"line":211,"column":6},"end":{"line":213,"column":7}},"type":"if","locations":[{"start":{"line":211,"column":6},"end":{"line":213,"column":7}},{"start":{},"end":{}}],"line":211}},"s":{"0":0,"1":0,"2":0,"3":0,"4":0,"5":0,"6":0,"7":0,"8":0,"9":0,"10":0,"11":0,"12":0,"13":0,"14":0,"15":0,"16":0,"17":0,"18":0,"19":0,"20":0,"21":0,"22":0,"23":0,"24":0,"25":0,"26":0,"27":0,"28":0,"29":0,"30":0,"31":0,"32":0,"33":0,"34":0,"35":0,"36":0,"37":0,"38":0,"39":0,"40":0,"41":0,"42":0,"43":0,"44":0,"45":0,"46":0,"47":0,"48":0,"49":0,"50":0,"51":0,"52":0,"53":0,"54":0,"55":0,"56":0,"57":0,"58":0,"59":0,"60":0,"61":0,"62":0,"63":0,"64":0,"65":0,"66":0,"67":0,"68":0,"69":0,"70":0,"71":0,"72":0,"73":0,"74":0,"75":0,"76":0,"77":0,"78":0,"79":0,"80":0,"81":0,"82":0,"83":0},"f":{"0":0,"1":0,"2":0,"3":0,"4":0,"5":0,"6":0,"7":0,"8":0},"b":{"0":[0,0],"1":[0],"2":[0,0],"3":[0,0],"4":[0,0],"5":[0,0],"6":[0,0],"7":[0,0],"8":[0,0],"9":[0,0],"10":[0,0],"11":[0,0],"12":[0,0],"13":[0,0],"14":[0,0],"15":[0,0],"16":[0,0],"17":[0,0],"18":[0,0],"19":[0,0]}}
}
